[     156ms] [LOG] %c %c %c %c %c Phaser v3.90.0 (WebGL | Web Audio) %c https://phaser.io/v390 background: #ff0000 background: #ffff00 background: #00ff00 background: #00ffff color: #ffffff; background: #000000 background: transparent @ http://localhost:8080/node_modules/.vite/deps/phaser.js?v=b72d2020:8455
[     980ms] [ERROR] WebSocket connection to 'ws://localhost:8080/socket.io/?EIO=4&transport=websocket' failed: Connection closed before receiving a handshake response @ http://localhost:8080/node_modules/.vite/deps/socket__io-client.js?v=b72d2020:1062
[    2281ms] [ERROR] WebSocket connection to 'ws://localhost:8080/socket.io/?EIO=4&transport=websocket' failed: Connection closed before receiving a handshake response @ http://localhost:8080/node_modules/.vite/deps/socket__io-client.js?v=b72d2020:1062
[    4075ms] [ERROR] WebSocket connection to 'ws://localhost:8080/socket.io/?EIO=4&transport=websocket' failed: Connection closed before receiving a handshake response @ http://localhost:8080/node_modules/.vite/deps/socket__io-client.js?v=b72d2020:1062
[    6345ms] [ERROR] WebSocket connection to 'ws://localhost:8080/socket.io/?EIO=4&transport=websocket' failed: Connection closed before receiving a handshake response @ http://localhost:8080/node_modules/.vite/deps/socket__io-client.js?v=b72d2020:1062
[   11351ms] [ERROR] WebSocket connection to 'ws://localhost:8080/socket.io/?EIO=4&transport=websocket' failed: Connection closed before receiving a handshake response @ http://localhost:8080/node_modules/.vite/deps/socket__io-client.js?v=b72d2020:1062
[   16357ms] [ERROR] WebSocket connection to 'ws://localhost:8080/socket.io/?EIO=4&transport=websocket' failed: Connection closed before receiving a handshake response @ http://localhost:8080/node_modules/.vite/deps/socket__io-client.js?v=b72d2020:1062
[   21363ms] [ERROR] WebSocket connection to 'ws://localhost:8080/socket.io/?EIO=4&transport=websocket' failed: Connection closed before receiving a handshake response @ http://localhost:8080/node_modules/.vite/deps/socket__io-client.js?v=b72d2020:1062
[   26371ms] [ERROR] WebSocket connection to 'ws://localhost:8080/socket.io/?EIO=4&transport=websocket' failed: Connection closed before receiving a handshake response @ http://localhost:8080/node_modules/.vite/deps/socket__io-client.js?v=b72d2020:1062
[   31381ms] [ERROR] WebSocket connection to 'ws://localhost:8080/socket.io/?EIO=4&transport=websocket' failed: Connection closed before receiving a handshake response @ http://localhost:8080/node_modules/.vite/deps/socket__io-client.js?v=b72d2020:1062
[   36456ms] [ERROR] WebSocket connection to 'ws://localhost:8080/socket.io/?EIO=4&transport=websocket' failed: Connection closed before receiving a handshake response @ http://localhost:8080/node_modules/.vite/deps/socket__io-client.js?v=b72d2020:1062
[   36488ms] [WARNING] [Socket] 未连接，无法发送: create_room @ http://localhost:8080/src/network/SocketManager.js:64
[   41667ms] [ERROR] WebSocket connection to 'ws://localhost:8080/socket.io/?EIO=4&transport=websocket' failed: Connection closed before receiving a handshake response @ http://localhost:8080/node_modules/.vite/deps/socket__io-client.js?v=b72d2020:1062
[   47061ms] [ERROR] WebSocket connection to 'ws://localhost:8080/socket.io/?EIO=4&transport=websocket' failed: Connection closed before receiving a handshake response @ http://localhost:8080/node_modules/.vite/deps/socket__io-client.js?v=b72d2020:1062
[   52429ms] [ERROR] WebSocket connection to 'ws://localhost:8080/socket.io/?EIO=4&transport=websocket' failed: Connection closed before receiving a handshake response @ http://localhost:8080/node_modules/.vite/deps/socket__io-client.js?v=b72d2020:1062
[   58277ms] [ERROR] WebSocket connection to 'ws://localhost:8080/socket.io/?EIO=4&transport=websocket' failed: Connection closed before receiving a handshake response @ http://localhost:8080/node_modules/.vite/deps/socket__io-client.js?v=b72d2020:1062
[   64063ms] [ERROR] WebSocket connection to 'ws://localhost:8080/socket.io/?EIO=4&transport=websocket' failed: Connection closed before receiving a handshake response @ http://localhost:8080/node_modules/.vite/deps/socket__io-client.js?v=b72d2020:1062
[   69967ms] [ERROR] WebSocket connection to 'ws://localhost:8080/socket.io/?EIO=4&transport=websocket' failed: Connection closed before receiving a handshake response @ http://localhost:8080/node_modules/.vite/deps/socket__io-client.js?v=b72d2020:1062
[   75929ms] [ERROR] WebSocket connection to 'ws://localhost:8080/socket.io/?EIO=4&transport=websocket' failed: Connection closed before receiving a handshake response @ http://localhost:8080/node_modules/.vite/deps/socket__io-client.js?v=b72d2020:1062
[   82114ms] [ERROR] WebSocket connection to 'ws://localhost:8080/socket.io/?EIO=4&transport=websocket' failed: Connection closed before receiving a handshake response @ http://localhost:8080/node_modules/.vite/deps/socket__io-client.js?v=b72d2020:1062
[   85705ms] [LOG] [vite] server connection lost. Polling for restart... @ http://localhost:8080/@vite/client:559
[   87018ms] [ERROR] Failed to load resource: net::ERR_CONNECTION_REFUSED @ http://localhost:8080/:0
[   89325ms] [ERROR] Failed to load resource: net::ERR_CONNECTION_REFUSED @ http://localhost:8080/:0
[   91632ms] [ERROR] Failed to load resource: net::ERR_CONNECTION_REFUSED @ http://localhost:8080/:0
[   91923ms] [ERROR] WebSocket connection to 'ws://localhost:8080/socket.io/?EIO=4&transport=websocket' failed: Error in connection establishment: net::ERR_CONNECTION_REFUSED @ http://localhost:8080/node_modules/.vite/deps/socket__io-client.js?v=b72d2020:1062
[   93652ms] [LOG] %c %c %c %c %c Phaser v3.90.0 (WebGL | Web Audio) %c https://phaser.io/v390 background: #ff0000 background: #ffff00 background: #00ff00 background: #00ffff color: #ffffff; background: #000000 background: transparent @ http://localhost:8080/node_modules/.vite/deps/phaser.js?v=b72d2020:8455
[   96067ms] [LOG] [Socket] 已连接: HvTqaJNIOkmsdI4iAAAD @ http://localhost:8080/src/network/SocketManager.js:26
