[     403ms] [LOG] %c %c %c %c %c Phaser v3.90.0 (WebGL | Web Audio) %c https://phaser.io/v390 background: #ff0000 background: #ffff00 background: #00ff00 background: #00ffff color: #ffffff; background: #000000 background: transparent @ http://localhost:8080/node_modules/.vite/deps/phaser.js?v=b72d2020:8455
[    1338ms] [LOG] [Socket] 已连接: 30qMGlgiFkWPR9gLAAAt @ http://localhost:8080/src/network/SocketManager.js:26
[   27066ms] [LOG] [Socket] 已断开 @ http://localhost:8080/src/network/SocketManager.js:33
[   27067ms] [LOG] [vite] server connection lost. Polling for restart... @ http://localhost:8080/@vite/client:559
[   28596ms] [ERROR] Failed to load resource: net::ERR_CONNECTION_REFUSED @ http://localhost:8080/:0
[   29063ms] [ERROR] WebSocket connection to 'ws://localhost:8080/socket.io/?EIO=4&transport=websocket' failed: Error in connection establishment: net::ERR_CONNECTION_REFUSED @ http://localhost:8080/node_modules/.vite/deps/socket__io-client.js?v=b72d2020:1062
[   30654ms] [ERROR] Failed to load resource: net::ERR_CONNECTION_REFUSED @ http://localhost:8080/:0
[   31958ms] [ERROR] Failed to load resource: net::ERR_CONNECTION_REFUSED @ http://localhost:8080/:0
[   33073ms] [ERROR] WebSocket connection to 'ws://localhost:8080/socket.io/?EIO=4&transport=websocket' failed: Error in connection establishment: net::ERR_CONNECTION_REFUSED @ http://localhost:8080/node_modules/.vite/deps/socket__io-client.js?v=b72d2020:1062
[   33267ms] [ERROR] Failed to load resource: net::ERR_CONNECTION_REFUSED @ http://localhost:8080/:0
[   35271ms] [ERROR] Failed to load resource: net::ERR_CONNECTION_REFUSED @ http://localhost:8080/:0
[   36574ms] [ERROR] Failed to load resource: net::ERR_CONNECTION_REFUSED @ http://localhost:8080/:0
[   37574ms] [ERROR] WebSocket connection to 'ws://localhost:8080/socket.io/?EIO=4&transport=websocket' failed: Error in connection establishment: net::ERR_CONNECTION_REFUSED @ http://localhost:8080/node_modules/.vite/deps/socket__io-client.js?v=b72d2020:1062
[   37883ms] [ERROR] Failed to load resource: net::ERR_CONNECTION_REFUSED @ http://localhost:8080/:0
[   39884ms] [ERROR] Failed to load resource: net::ERR_CONNECTION_REFUSED @ http://localhost:8080/:0
[   41191ms] [ERROR] Failed to load resource: net::ERR_CONNECTION_REFUSED @ http://localhost:8080/:0
[   42502ms] [ERROR] Failed to load resource: net::ERR_CONNECTION_REFUSED @ http://localhost:8080/:0
[   43675ms] [ERROR] WebSocket connection to 'ws://localhost:8080/socket.io/?EIO=4&transport=websocket' failed: Error in connection establishment: net::ERR_CONNECTION_REFUSED @ http://localhost:8080/node_modules/.vite/deps/socket__io-client.js?v=b72d2020:1062
[   44497ms] [ERROR] Failed to load resource: net::ERR_CONNECTION_REFUSED @ http://localhost:8080/:0
[   45809ms] [ERROR] Failed to load resource: net::ERR_CONNECTION_REFUSED @ http://localhost:8080/:0
[   47125ms] [ERROR] Failed to load resource: net::ERR_CONNECTION_REFUSED @ http://localhost:8080/:0
[   49116ms] [ERROR] Failed to load resource: net::ERR_CONNECTION_REFUSED @ http://localhost:8080/:0
[   49985ms] [ERROR] WebSocket connection to 'ws://localhost:8080/socket.io/?EIO=4&transport=websocket' failed: Error in connection establishment: net::ERR_CONNECTION_REFUSED @ http://localhost:8080/node_modules/.vite/deps/socket__io-client.js?v=b72d2020:1062
[   50424ms] [ERROR] Failed to load resource: net::ERR_CONNECTION_REFUSED @ http://localhost:8080/:0
[   51743ms] [ERROR] Failed to load resource: net::ERR_CONNECTION_REFUSED @ http://localhost:8080/:0
[   53740ms] [ERROR] Failed to load resource: net::ERR_CONNECTION_REFUSED @ http://localhost:8080/:0
[   55045ms] [ERROR] Failed to load resource: net::ERR_CONNECTION_REFUSED @ http://localhost:8080/:0
[   56291ms] [ERROR] WebSocket connection to 'ws://localhost:8080/socket.io/?EIO=4&transport=websocket' failed: Error in connection establishment: net::ERR_CONNECTION_REFUSED @ http://localhost:8080/node_modules/.vite/deps/socket__io-client.js?v=b72d2020:1062
[   56360ms] [ERROR] Failed to load resource: net::ERR_CONNECTION_REFUSED @ http://localhost:8080/:0
[   58363ms] [ERROR] Failed to load resource: net::ERR_CONNECTION_REFUSED @ http://localhost:8080/:0
[   59666ms] [ERROR] Failed to load resource: net::ERR_CONNECTION_REFUSED @ http://localhost:8080/:0
[   60976ms] [ERROR] Failed to load resource: net::ERR_CONNECTION_REFUSED @ http://localhost:8080/:0
[   62602ms] [ERROR] WebSocket connection to 'ws://localhost:8080/socket.io/?EIO=4&transport=websocket' failed: Error in connection establishment: net::ERR_CONNECTION_REFUSED @ http://localhost:8080/node_modules/.vite/deps/socket__io-client.js?v=b72d2020:1062
[   62983ms] [ERROR] Failed to load resource: net::ERR_CONNECTION_REFUSED @ http://localhost:8080/:0
[   64290ms] [ERROR] Failed to load resource: net::ERR_CONNECTION_REFUSED @ http://localhost:8080/:0
[   65596ms] [ERROR] Failed to load resource: net::ERR_CONNECTION_REFUSED @ http://localhost:8080/:0
[   67607ms] [ERROR] Failed to load resource: net::ERR_CONNECTION_REFUSED @ http://localhost:8080/:0
[   68909ms] [ERROR] WebSocket connection to 'ws://localhost:8080/socket.io/?EIO=4&transport=websocket' failed: Error in connection establishment: net::ERR_CONNECTION_REFUSED @ http://localhost:8080/node_modules/.vite/deps/socket__io-client.js?v=b72d2020:1062
[   68914ms] [ERROR] Failed to load resource: net::ERR_CONNECTION_REFUSED @ http://localhost:8080/:0
[   70223ms] [ERROR] Failed to load resource: net::ERR_CONNECTION_REFUSED @ http://localhost:8080/:0
[   72220ms] [ERROR] Failed to load resource: net::ERR_CONNECTION_REFUSED @ http://localhost:8080/:0
[   73529ms] [ERROR] Failed to load resource: net::ERR_CONNECTION_REFUSED @ http://localhost:8080/:0
[   74842ms] [ERROR] Failed to load resource: net::ERR_CONNECTION_REFUSED @ http://localhost:8080/:0
[   75216ms] [ERROR] WebSocket connection to 'ws://localhost:8080/socket.io/?EIO=4&transport=websocket' failed: Error in connection establishment: net::ERR_CONNECTION_REFUSED @ http://localhost:8080/node_modules/.vite/deps/socket__io-client.js?v=b72d2020:1062
[   76837ms] [ERROR] Failed to load resource: net::ERR_CONNECTION_REFUSED @ http://localhost:8080/:0
[   78155ms] [ERROR] Failed to load resource: net::ERR_CONNECTION_REFUSED @ http://localhost:8080/:0
[   79460ms] [ERROR] Failed to load resource: net::ERR_CONNECTION_REFUSED @ http://localhost:8080/:0
[   81462ms] [ERROR] Failed to load resource: net::ERR_CONNECTION_REFUSED @ http://localhost:8080/:0
[   81523ms] [ERROR] WebSocket connection to 'ws://localhost:8080/socket.io/?EIO=4&transport=websocket' failed: Error in connection establishment: net::ERR_CONNECTION_REFUSED @ http://localhost:8080/node_modules/.vite/deps/socket__io-client.js?v=b72d2020:1062
[   82775ms] [ERROR] Failed to load resource: net::ERR_CONNECTION_REFUSED @ http://localhost:8080/:0
[   84080ms] [ERROR] Failed to load resource: net::ERR_CONNECTION_REFUSED @ http://localhost:8080/:0
[   86089ms] [ERROR] Failed to load resource: net::ERR_CONNECTION_REFUSED @ http://localhost:8080/:0
[   87394ms] [ERROR] Failed to load resource: net::ERR_CONNECTION_REFUSED @ http://localhost:8080/:0
[   87832ms] [ERROR] WebSocket connection to 'ws://localhost:8080/socket.io/?EIO=4&transport=websocket' failed: Error in connection establishment: net::ERR_CONNECTION_REFUSED @ http://localhost:8080/node_modules/.vite/deps/socket__io-client.js?v=b72d2020:1062
[   88698ms] [ERROR] Failed to load resource: net::ERR_CONNECTION_REFUSED @ http://localhost:8080/:0
[   90705ms] [ERROR] Failed to load resource: net::ERR_CONNECTION_REFUSED @ http://localhost:8080/:0
[   92018ms] [ERROR] Failed to load resource: net::ERR_CONNECTION_REFUSED @ http://localhost:8080/:0
[   93327ms] [ERROR] Failed to load resource: net::ERR_CONNECTION_REFUSED @ http://localhost:8080/:0
[   94139ms] [ERROR] WebSocket connection to 'ws://localhost:8080/socket.io/?EIO=4&transport=websocket' failed: Error in connection establishment: net::ERR_CONNECTION_REFUSED @ http://localhost:8080/node_modules/.vite/deps/socket__io-client.js?v=b72d2020:1062
[   95320ms] [ERROR] Failed to load resource: net::ERR_CONNECTION_REFUSED @ http://localhost:8080/:0
[   96637ms] [ERROR] Failed to load resource: net::ERR_CONNECTION_REFUSED @ http://localhost:8080/:0
[   97945ms] [ERROR] Failed to load resource: net::ERR_CONNECTION_REFUSED @ http://localhost:8080/:0
[   99936ms] [ERROR] Failed to load resource: net::ERR_CONNECTION_REFUSED @ http://localhost:8080/:0
[  100449ms] [ERROR] WebSocket connection to 'ws://localhost:8080/socket.io/?EIO=4&transport=websocket' failed: Error in connection establishment: net::ERR_CONNECTION_REFUSED @ http://localhost:8080/node_modules/.vite/deps/socket__io-client.js?v=b72d2020:1062
[  101252ms] [ERROR] Failed to load resource: net::ERR_CONNECTION_REFUSED @ http://localhost:8080/:0
[  102558ms] [ERROR] Failed to load resource: net::ERR_CONNECTION_REFUSED @ http://localhost:8080/:0
[  104553ms] [ERROR] Failed to load resource: net::ERR_CONNECTION_REFUSED @ http://localhost:8080/:0
[  105870ms] [ERROR] Failed to load resource: net::ERR_CONNECTION_REFUSED @ http://localhost:8080/:0
[  106756ms] [ERROR] WebSocket connection to 'ws://localhost:8080/socket.io/?EIO=4&transport=websocket' failed: Error in connection establishment: net::ERR_CONNECTION_REFUSED @ http://localhost:8080/node_modules/.vite/deps/socket__io-client.js?v=b72d2020:1062
[  107178ms] [ERROR] Failed to load resource: net::ERR_CONNECTION_REFUSED @ http://localhost:8080/:0
[  109169ms] [ERROR] Failed to load resource: net::ERR_CONNECTION_REFUSED @ http://localhost:8080/:0
[  110492ms] [ERROR] Failed to load resource: net::ERR_CONNECTION_REFUSED @ http://localhost:8080/:0
[  111797ms] [ERROR] Failed to load resource: net::ERR_CONNECTION_REFUSED @ http://localhost:8080/:0
[  113061ms] [ERROR] WebSocket connection to 'ws://localhost:8080/socket.io/?EIO=4&transport=websocket' failed: Error in connection establishment: net::ERR_CONNECTION_REFUSED @ http://localhost:8080/node_modules/.vite/deps/socket__io-client.js?v=b72d2020:1062
[  113785ms] [ERROR] Failed to load resource: net::ERR_CONNECTION_REFUSED @ http://localhost:8080/:0
[  115112ms] [ERROR] Failed to load resource: net::ERR_CONNECTION_REFUSED @ http://localhost:8080/:0
[  116412ms] [ERROR] Failed to load resource: net::ERR_CONNECTION_REFUSED @ http://localhost:8080/:0
[  118409ms] [ERROR] Failed to load resource: net::ERR_CONNECTION_REFUSED @ http://localhost:8080/:0
[  119367ms] [ERROR] WebSocket connection to 'ws://localhost:8080/socket.io/?EIO=4&transport=websocket' failed: Error in connection establishment: net::ERR_CONNECTION_REFUSED @ http://localhost:8080/node_modules/.vite/deps/socket__io-client.js?v=b72d2020:1062
[  119727ms] [ERROR] Failed to load resource: net::ERR_CONNECTION_REFUSED @ http://localhost:8080/:0
[  121032ms] [ERROR] Failed to load resource: net::ERR_CONNECTION_REFUSED @ http://localhost:8080/:0
[  123023ms] [ERROR] Failed to load resource: net::ERR_CONNECTION_REFUSED @ http://localhost:8080/:0
[  124342ms] [ERROR] Failed to load resource: net::ERR_CONNECTION_REFUSED @ http://localhost:8080/:0
[  125651ms] [ERROR] Failed to load resource: net::ERR_CONNECTION_REFUSED @ http://localhost:8080/:0
[  125676ms] [ERROR] WebSocket connection to 'ws://localhost:8080/socket.io/?EIO=4&transport=websocket' failed: Error in connection establishment: net::ERR_CONNECTION_REFUSED @ http://localhost:8080/node_modules/.vite/deps/socket__io-client.js?v=b72d2020:1062
[  127642ms] [ERROR] Failed to load resource: net::ERR_CONNECTION_REFUSED @ http://localhost:8080/:0
[  128953ms] [ERROR] Failed to load resource: net::ERR_CONNECTION_REFUSED @ http://localhost:8080/:0
[  130271ms] [ERROR] Failed to load resource: net::ERR_CONNECTION_REFUSED @ http://localhost:8080/:0
[  131983ms] [ERROR] WebSocket connection to 'ws://localhost:8080/socket.io/?EIO=4&transport=websocket' failed: Error in connection establishment: net::ERR_CONNECTION_REFUSED @ http://localhost:8080/node_modules/.vite/deps/socket__io-client.js?v=b72d2020:1062
[  132257ms] [ERROR] Failed to load resource: net::ERR_CONNECTION_REFUSED @ http://localhost:8080/:0
[  133570ms] [ERROR] Failed to load resource: net::ERR_CONNECTION_REFUSED @ http://localhost:8080/:0
[  134887ms] [ERROR] Failed to load resource: net::ERR_CONNECTION_REFUSED @ http://localhost:8080/:0
[  136876ms] [ERROR] Failed to load resource: net::ERR_CONNECTION_REFUSED @ http://localhost:8080/:0
[  138186ms] [ERROR] Failed to load resource: net::ERR_CONNECTION_REFUSED @ http://localhost:8080/:0
[  138293ms] [ERROR] WebSocket connection to 'ws://localhost:8080/socket.io/?EIO=4&transport=websocket' failed: Error in connection establishment: net::ERR_CONNECTION_REFUSED @ http://localhost:8080/node_modules/.vite/deps/socket__io-client.js?v=b72d2020:1062
[  139503ms] [ERROR] Failed to load resource: net::ERR_CONNECTION_REFUSED @ http://localhost:8080/:0
[  141491ms] [ERROR] Failed to load resource: net::ERR_CONNECTION_REFUSED @ http://localhost:8080/:0
[  142803ms] [ERROR] Failed to load resource: net::ERR_CONNECTION_REFUSED @ http://localhost:8080/:0
[  144123ms] [ERROR] Failed to load resource: net::ERR_CONNECTION_REFUSED @ http://localhost:8080/:0
[  144603ms] [ERROR] WebSocket connection to 'ws://localhost:8080/socket.io/?EIO=4&transport=websocket' failed: Error in connection establishment: net::ERR_CONNECTION_REFUSED @ http://localhost:8080/node_modules/.vite/deps/socket__io-client.js?v=b72d2020:1062
[  146103ms] [ERROR] Failed to load resource: net::ERR_CONNECTION_REFUSED @ http://localhost:8080/:0
[  147418ms] [ERROR] Failed to load resource: net::ERR_CONNECTION_REFUSED @ http://localhost:8080/:0
[  148743ms] [ERROR] Failed to load resource: net::ERR_CONNECTION_REFUSED @ http://localhost:8080/:0
[  150719ms] [ERROR] Failed to load resource: net::ERR_CONNECTION_REFUSED @ http://localhost:8080/:0
[  150915ms] [ERROR] WebSocket connection to 'ws://localhost:8080/socket.io/?EIO=4&transport=websocket' failed: Error in connection establishment: net::ERR_CONNECTION_REFUSED @ http://localhost:8080/node_modules/.vite/deps/socket__io-client.js?v=b72d2020:1062
[  152034ms] [ERROR] Failed to load resource: net::ERR_CONNECTION_REFUSED @ http://localhost:8080/:0
[  153356ms] [ERROR] Failed to load resource: net::ERR_CONNECTION_REFUSED @ http://localhost:8080/:0
[  155333ms] [ERROR] Failed to load resource: net::ERR_CONNECTION_REFUSED @ http://localhost:8080/:0
[  156653ms] [ERROR] Failed to load resource: net::ERR_CONNECTION_REFUSED @ http://localhost:8080/:0
[  157230ms] [ERROR] WebSocket connection to 'ws://localhost:8080/socket.io/?EIO=4&transport=websocket' failed: Error in connection establishment: net::ERR_CONNECTION_REFUSED @ http://localhost:8080/node_modules/.vite/deps/socket__io-client.js?v=b72d2020:1062
[  157968ms] [ERROR] Failed to load resource: net::ERR_CONNECTION_REFUSED @ http://localhost:8080/:0
[  160046ms] [LOG] %c %c %c %c %c Phaser v3.90.0 (WebGL | Web Audio) %c https://phaser.io/v390 background: #ff0000 background: #ffff00 background: #00ff00 background: #00ffff color: #ffffff; background: #000000 background: transparent @ http://localhost:8080/node_modules/.vite/deps/phaser.js?v=b72d2020:8455
[  161979ms] [LOG] [Socket] 已连接: qIG1cWqiY5Z29OHjAAAD @ http://localhost:8080/src/network/SocketManager.js:26
[  961820ms] [LOG] %c %c %c %c %c Phaser v3.90.0 (WebGL | Web Audio) %c https://phaser.io/v390 background: #ff0000 background: #ffff00 background: #00ff00 background: #00ffff color: #ffffff; background: #000000 background: transparent @ http://localhost:8080/node_modules/.vite/deps/phaser.js?v=b72d2020:8455
[  963299ms] [LOG] [Socket] 已连接: EFDuTZRLF33csAfCAAAJ @ http://localhost:8080/src/network/SocketManager.js:26
[  977025ms] [LOG] %c %c %c %c %c Phaser v3.90.0 (WebGL | Web Audio) %c https://phaser.io/v390 background: #ff0000 background: #ffff00 background: #00ff00 background: #00ffff color: #ffffff; background: #000000 background: transparent @ http://localhost:8080/node_modules/.vite/deps/phaser.js?v=b72d2020:8455
[  978636ms] [LOG] [Socket] 已连接: KGDKgrU-39mDgWbNAAAN @ http://localhost:8080/src/network/SocketManager.js:26
[  981305ms] [LOG] %c %c %c %c %c Phaser v3.90.0 (WebGL | Web Audio) %c https://phaser.io/v390 background: #ff0000 background: #ffff00 background: #00ff00 background: #00ffff color: #ffffff; background: #000000 background: transparent @ http://localhost:8080/node_modules/.vite/deps/phaser.js?v=b72d2020:8455
[  983221ms] [LOG] [Socket] 已连接: W4yCR5YwZsiUTxVzAAAR @ http://localhost:8080/src/network/SocketManager.js:26
[  991043ms] [LOG] %c %c %c %c %c Phaser v3.90.0 (WebGL | Web Audio) %c https://phaser.io/v390 background: #ff0000 background: #ffff00 background: #00ff00 background: #00ffff color: #ffffff; background: #000000 background: transparent @ http://localhost:8080/node_modules/.vite/deps/phaser.js?v=b72d2020:8455
[  992960ms] [LOG] [Socket] 已连接: CM38XAy5FlLrsQFPAAAV @ http://localhost:8080/src/network/SocketManager.js:26
[ 1007904ms] [LOG] %c %c %c %c %c Phaser v3.90.0 (WebGL | Web Audio) %c https://phaser.io/v390 background: #ff0000 background: #ffff00 background: #00ff00 background: #00ffff color: #ffffff; background: #000000 background: transparent @ http://localhost:8080/node_modules/.vite/deps/phaser.js?v=b72d2020:8455
[ 1009736ms] [LOG] [Socket] 已连接: L9XgvXqBG5bdvrXcAAAZ @ http://localhost:8080/src/network/SocketManager.js:26
[ 1026774ms] [LOG] %c %c %c %c %c Phaser v3.90.0 (WebGL | Web Audio) %c https://phaser.io/v390 background: #ff0000 background: #ffff00 background: #00ff00 background: #00ffff color: #ffffff; background: #000000 background: transparent @ http://localhost:8080/node_modules/.vite/deps/phaser.js?v=b72d2020:8455
[ 1028672ms] [LOG] [Socket] 已连接: 3d_ZNtXQD_8fD5wgAAAd @ http://localhost:8080/src/network/SocketManager.js:26
[ 1109324ms] [LOG] %c %c %c %c %c Phaser v3.90.0 (WebGL | Web Audio) %c https://phaser.io/v390 background: #ff0000 background: #ffff00 background: #00ff00 background: #00ffff color: #ffffff; background: #000000 background: transparent @ http://localhost:8080/node_modules/.vite/deps/phaser.js?v=b72d2020:8455
[ 1111195ms] [LOG] [Socket] 已连接: tRgZ6vIx-meMpaggAAAh @ http://localhost:8080/src/network/SocketManager.js:26
[ 1117031ms] [LOG] %c %c %c %c %c Phaser v3.90.0 (WebGL | Web Audio) %c https://phaser.io/v390 background: #ff0000 background: #ffff00 background: #00ff00 background: #00ffff color: #ffffff; background: #000000 background: transparent @ http://localhost:8080/node_modules/.vite/deps/phaser.js?v=b72d2020:8455
[ 1118949ms] [LOG] [Socket] 已连接: 4vI9Iv8Rv3pt81rTAAAl @ http://localhost:8080/src/network/SocketManager.js:26
[ 1135451ms] [LOG] %c %c %c %c %c Phaser v3.90.0 (WebGL | Web Audio) %c https://phaser.io/v390 background: #ff0000 background: #ffff00 background: #00ff00 background: #00ffff color: #ffffff; background: #000000 background: transparent @ http://localhost:8080/node_modules/.vite/deps/phaser.js?v=b72d2020:8455
[ 1137359ms] [LOG] [Socket] 已连接: C4xo_jNlTvY0ap1FAAAp @ http://localhost:8080/src/network/SocketManager.js:26
[ 1142948ms] [LOG] %c %c %c %c %c Phaser v3.90.0 (WebGL | Web Audio) %c https://phaser.io/v390 background: #ff0000 background: #ffff00 background: #00ff00 background: #00ffff color: #ffffff; background: #000000 background: transparent @ http://localhost:8080/node_modules/.vite/deps/phaser.js?v=b72d2020:8455
[ 1144906ms] [LOG] [Socket] 已连接: WMidyevrvHFhthJQAAAt @ http://localhost:8080/src/network/SocketManager.js:26
[ 1148226ms] [LOG] %c %c %c %c %c Phaser v3.90.0 (WebGL | Web Audio) %c https://phaser.io/v390 background: #ff0000 background: #ffff00 background: #00ff00 background: #00ffff color: #ffffff; background: #000000 background: transparent @ http://localhost:8080/node_modules/.vite/deps/phaser.js?v=b72d2020:8455
[ 1150264ms] [LOG] [Socket] 已连接: 5rFlTogobyEmuFfQAAAx @ http://localhost:8080/src/network/SocketManager.js:26
[ 1156957ms] [LOG] %c %c %c %c %c Phaser v3.90.0 (WebGL | Web Audio) %c https://phaser.io/v390 background: #ff0000 background: #ffff00 background: #00ff00 background: #00ffff color: #ffffff; background: #000000 background: transparent @ http://localhost:8080/node_modules/.vite/deps/phaser.js?v=b72d2020:8455
[ 1158781ms] [LOG] [Socket] 已连接: pVu089GuDRZdO-rOAAA1 @ http://localhost:8080/src/network/SocketManager.js?t=1780119175903:26
[ 1162063ms] [LOG] %c %c %c %c %c Phaser v3.90.0 (WebGL | Web Audio) %c https://phaser.io/v390 background: #ff0000 background: #ffff00 background: #00ff00 background: #00ffff color: #ffffff; background: #000000 background: transparent @ http://localhost:8080/node_modules/.vite/deps/phaser.js?v=b72d2020:8455
[ 1163990ms] [LOG] [Socket] 已连接: M8eV2Dl0InLjfnLbAAA5 @ http://localhost:8080/src/network/SocketManager.js?t=1780119175903:26
[ 1184163ms] [LOG] %c %c %c %c %c Phaser v3.90.0 (WebGL | Web Audio) %c https://phaser.io/v390 background: #ff0000 background: #ffff00 background: #00ff00 background: #00ffff color: #ffffff; background: #000000 background: transparent @ http://localhost:8080/node_modules/.vite/deps/phaser.js?v=b72d2020:8455
[ 1186115ms] [LOG] [Socket] 已连接: DRKXAYVq8A89eu6EAAA9 @ http://localhost:8080/src/network/SocketManager.js?t=1780119175903:26
[ 1198248ms] [LOG] [vite] server connection lost. Polling for restart... @ http://localhost:8080/@vite/client:559
[ 1198254ms] [LOG] [Socket] 已断开 @ http://localhost:8080/src/network/SocketManager.js?t=1780119175903:33
[ 1199794ms] [ERROR] Failed to load resource: net::ERR_CONNECTION_REFUSED @ http://localhost:8080/:0
[ 1200534ms] [ERROR] WebSocket connection to 'ws://localhost:8080/socket.io/?EIO=4&transport=websocket' failed: Error in connection establishment: net::ERR_CONNECTION_REFUSED @ http://localhost:8080/node_modules/.vite/deps/socket__io-client.js?v=b72d2020:1062
[ 1201855ms] [ERROR] Failed to load resource: net::ERR_CONNECTION_REFUSED @ http://localhost:8080/:0
[ 1203157ms] [ERROR] Failed to load resource: net::ERR_CONNECTION_REFUSED @ http://localhost:8080/:0
[ 1203796ms] [ERROR] WebSocket connection to 'ws://localhost:8080/socket.io/?EIO=4&transport=websocket' failed: Error in connection establishment: net::ERR_CONNECTION_REFUSED @ http://localhost:8080/node_modules/.vite/deps/socket__io-client.js?v=b72d2020:1062
[ 1204460ms] [ERROR] Failed to load resource: net::ERR_CONNECTION_REFUSED @ http://localhost:8080/:0
[ 1205814ms] [LOG] %c %c %c %c %c Phaser v3.90.0 (WebGL | Web Audio) %c https://phaser.io/v390 background: #ff0000 background: #ffff00 background: #00ff00 background: #00ffff color: #ffffff; background: #000000 background: transparent @ http://localhost:8080/node_modules/.vite/deps/phaser.js?v=b72d2020:8455
[ 1207751ms] [LOG] [Socket] 已连接: bm831-SUhbu5fQ8SAAAH @ http://localhost:8080/src/network/SocketManager.js:26
[ 1235859ms] [LOG] %c %c %c %c %c Phaser v3.90.0 (WebGL | Web Audio) %c https://phaser.io/v390 background: #ff0000 background: #ffff00 background: #00ff00 background: #00ffff color: #ffffff; background: #000000 background: transparent @ http://localhost:8080/node_modules/.vite/deps/phaser.js?v=b72d2020:8455
[ 1237694ms] [LOG] [Socket] 已连接: ZLnV5keicGbcqRUbAAAL @ http://localhost:8080/src/network/SocketManager.js:26
[ 1240150ms] [LOG] %c %c %c %c %c Phaser v3.90.0 (WebGL | Web Audio) %c https://phaser.io/v390 background: #ff0000 background: #ffff00 background: #00ff00 background: #00ffff color: #ffffff; background: #000000 background: transparent @ http://localhost:8080/node_modules/.vite/deps/phaser.js?v=b72d2020:8455
[ 1242073ms] [LOG] [Socket] 已连接: P2wDakgj_8BSN5IcAAAP @ http://localhost:8080/src/network/SocketManager.js:26
[ 1246787ms] [LOG] %c %c %c %c %c Phaser v3.90.0 (WebGL | Web Audio) %c https://phaser.io/v390 background: #ff0000 background: #ffff00 background: #00ff00 background: #00ffff color: #ffffff; background: #000000 background: transparent @ http://localhost:8080/node_modules/.vite/deps/phaser.js?v=b72d2020:8455
[ 1248679ms] [LOG] [Socket] 已连接: II3GxMd298nt2tQTAAAT @ http://localhost:8080/src/network/SocketManager.js:26
[ 1580331ms] [LOG] [Socket] 已断开 @ http://localhost:8080/src/network/SocketManager.js:33
[ 1580335ms] [LOG] [vite] server connection lost. Polling for restart... @ http://localhost:8080/@vite/client:559
[ 1581871ms] [ERROR] Failed to load resource: net::ERR_CONNECTION_REFUSED @ http://localhost:8080/:0
[ 1583283ms] [ERROR] WebSocket connection to 'ws://localhost:8080/socket.io/?EIO=4&transport=websocket' failed: Error in connection establishment: net::ERR_CONNECTION_REFUSED @ http://localhost:8080/node_modules/.vite/deps/socket__io-client.js?v=b72d2020:1062
[ 1583930ms] [ERROR] Failed to load resource: net::ERR_CONNECTION_REFUSED @ http://localhost:8080/:0
[ 1585235ms] [ERROR] Failed to load resource: net::ERR_CONNECTION_REFUSED @ http://localhost:8080/:0
[ 1586550ms] [ERROR] Failed to load resource: net::ERR_CONNECTION_REFUSED @ http://localhost:8080/:0
[ 1586953ms] [ERROR] WebSocket connection to 'ws://localhost:8080/socket.io/?EIO=4&transport=websocket' failed: Error in connection establishment: net::ERR_CONNECTION_REFUSED @ http://localhost:8080/node_modules/.vite/deps/socket__io-client.js?v=b72d2020:1062
[ 1588543ms] [ERROR] Failed to load resource: net::ERR_CONNECTION_REFUSED @ http://localhost:8080/:0
[ 1589859ms] [ERROR] Failed to load resource: net::ERR_CONNECTION_REFUSED @ http://localhost:8080/:0
[ 1590717ms] [LOG] [Socket] 已连接: jdet7jjU061ZpmrQAAAD @ http://localhost:8080/src/network/SocketManager.js:26
[ 1591203ms] [LOG] %c %c %c %c %c Phaser v3.90.0 (WebGL | Web Audio) %c https://phaser.io/v390 background: #ff0000 background: #ffff00 background: #00ff00 background: #00ffff color: #ffffff; background: #000000 background: transparent @ http://localhost:8080/node_modules/.vite/deps/phaser.js?v=b72d2020:8455
[ 1593085ms] [LOG] [Socket] 已连接: vOlBUKOxYkgbo9w4AAAH @ http://localhost:8080/src/network/SocketManager.js:26
[ 9133462ms] [LOG] %c %c %c %c %c Phaser v3.90.0 (WebGL | Web Audio) %c https://phaser.io/v390 background: #ff0000 background: #ffff00 background: #00ff00 background: #00ffff color: #ffffff; background: #000000 background: transparent @ http://localhost:8080/node_modules/.vite/deps/phaser.js?v=b72d2020:8455
[ 9136050ms] [LOG] [Socket] 已连接: E-l_ICMYL04bzTxZAAAR @ http://localhost:8080/src/network/SocketManager.js:26
[ 9154071ms] [LOG] %c %c %c %c %c Phaser v3.90.0 (WebGL | Web Audio) %c https://phaser.io/v390 background: #ff0000 background: #ffff00 background: #00ff00 background: #00ffff color: #ffffff; background: #000000 background: transparent @ http://localhost:8080/node_modules/.vite/deps/phaser.js?v=b72d2020:8455
[ 9155896ms] [LOG] [Socket] 已连接: 2Ddel540VjLaqgP9AAAV @ http://localhost:8080/src/network/SocketManager.js:26
[ 9174033ms] [LOG] %c %c %c %c %c Phaser v3.90.0 (WebGL | Web Audio) %c https://phaser.io/v390 background: #ff0000 background: #ffff00 background: #00ff00 background: #00ffff color: #ffffff; background: #000000 background: transparent @ http://localhost:8080/node_modules/.vite/deps/phaser.js?v=b72d2020:8455
[ 9175947ms] [LOG] [Socket] 已连接: vIzqjRMP4_oZkC9rAAAZ @ http://localhost:8080/src/network/SocketManager.js:26
[ 9191835ms] [LOG] %c %c %c %c %c Phaser v3.90.0 (WebGL | Web Audio) %c https://phaser.io/v390 background: #ff0000 background: #ffff00 background: #00ff00 background: #00ffff color: #ffffff; background: #000000 background: transparent @ http://localhost:8080/node_modules/.vite/deps/phaser.js?v=b72d2020:8455
[ 9193682ms] [LOG] [Socket] 已连接: MRyIzBtme0JlWPlRAAAd @ http://localhost:8080/src/network/SocketManager.js:26
[ 9211657ms] [LOG] [vite] server connection lost. Polling for restart... @ http://localhost:8080/@vite/client:559
[ 9211661ms] [LOG] [Socket] 已断开 @ http://localhost:8080/src/network/SocketManager.js:33
[ 9213188ms] [ERROR] Failed to load resource: net::ERR_CONNECTION_REFUSED @ http://localhost:8080/:0
[ 9214137ms] [ERROR] WebSocket connection to 'ws://localhost:8080/socket.io/?EIO=4&transport=websocket' failed: Error in connection establishment: net::ERR_CONNECTION_REFUSED @ http://localhost:8080/node_modules/.vite/deps/socket__io-client.js?v=b72d2020:1062
[ 9215246ms] [ERROR] Failed to load resource: net::ERR_CONNECTION_REFUSED @ http://localhost:8080/:0
[ 9216567ms] [ERROR] Failed to load resource: net::ERR_CONNECTION_REFUSED @ http://localhost:8080/:0
[ 9217871ms] [ERROR] Failed to load resource: net::ERR_CONNECTION_REFUSED @ http://localhost:8080/:0
[ 9218034ms] [ERROR] WebSocket connection to 'ws://localhost:8080/socket.io/?EIO=4&transport=websocket' failed: Error in connection establishment: net::ERR_CONNECTION_REFUSED @ http://localhost:8080/node_modules/.vite/deps/socket__io-client.js?v=b72d2020:1062
[ 9220408ms] [LOG] %c %c %c %c %c Phaser v3.90.0 (WebGL | Web Audio) %c https://phaser.io/v390 background: #ff0000 background: #ffff00 background: #00ff00 background: #00ffff color: #ffffff; background: #000000 background: transparent @ http://localhost:8080/node_modules/.vite/deps/phaser.js?v=b72d2020:8455
[ 9222481ms] [LOG] [Socket] 已连接: 7VSwwae0ijEQkqE8AAAD @ http://localhost:8080/src/network/SocketManager.js:26
[ 9578967ms] [LOG] [Socket] 已断开 @ http://localhost:8080/src/network/SocketManager.js:33
[ 9578967ms] [LOG] [vite] server connection lost. Polling for restart... @ http://localhost:8080/@vite/client:559
[ 9580520ms] [ERROR] Failed to load resource: net::ERR_CONNECTION_REFUSED @ http://localhost:8080/:0
[ 9582054ms] [ERROR] WebSocket connection to 'ws://localhost:8080/socket.io/?EIO=4&transport=websocket' failed: Error in connection establishment: net::ERR_CONNECTION_REFUSED @ http://localhost:8080/node_modules/.vite/deps/socket__io-client.js?v=b72d2020:1062
[ 9582575ms] [ERROR] Failed to load resource: net::ERR_CONNECTION_REFUSED @ http://localhost:8080/:0
[ 9583881ms] [ERROR] Failed to load resource: net::ERR_CONNECTION_REFUSED @ http://localhost:8080/:0
[ 9585193ms] [ERROR] Failed to load resource: net::ERR_CONNECTION_REFUSED @ http://localhost:8080/:0
[ 9586924ms] [LOG] %c %c %c %c %c Phaser v3.90.0 (WebGL | Web Audio) %c https://phaser.io/v390 background: #ff0000 background: #ffff00 background: #00ff00 background: #00ffff color: #ffffff; background: #000000 background: transparent @ http://localhost:8080/node_modules/.vite/deps/phaser.js?v=b72d2020:8455
[ 9589045ms] [LOG] [Socket] 已连接: 2RBd0hbxGRLragSjAAAH @ http://localhost:8080/src/network/SocketManager.js:26
[ 9705383ms] [LOG] %c %c %c %c %c Phaser v3.90.0 (WebGL | Web Audio) %c https://phaser.io/v390 background: #ff0000 background: #ffff00 background: #00ff00 background: #00ffff color: #ffffff; background: #000000 background: transparent @ http://localhost:8080/node_modules/.vite/deps/phaser.js?v=b72d2020:8455
[ 9707594ms] [LOG] [Socket] 已连接: XGFVgybGHJe3mvFIAAAN @ http://localhost:8080/src/network/SocketManager.js:26
[10216341ms] [LOG] %c %c %c %c %c Phaser v3.90.0 (WebGL | Web Audio) %c https://phaser.io/v390 background: #ff0000 background: #ffff00 background: #00ff00 background: #00ffff color: #ffffff; background: #000000 background: transparent @ http://localhost:8080/node_modules/.vite/deps/phaser.js?v=b72d2020:8455
[10218339ms] [LOG] [Socket] 已连接: baOxyiUi1csrm3BxAAAV @ http://localhost:8080/src/network/SocketManager.js:26
[10234335ms] [LOG] %c %c %c %c %c Phaser v3.90.0 (WebGL | Web Audio) %c https://phaser.io/v390 background: #ff0000 background: #ffff00 background: #00ff00 background: #00ffff color: #ffffff; background: #000000 background: transparent @ http://localhost:8080/node_modules/.vite/deps/phaser.js?v=b72d2020:8455
[10236239ms] [LOG] [Socket] 已连接: VIh5K1nbL22d5wcyAAAZ @ http://localhost:8080/src/network/SocketManager.js:26
[10241767ms] [LOG] %c %c %c %c %c Phaser v3.90.0 (WebGL | Web Audio) %c https://phaser.io/v390 background: #ff0000 background: #ffff00 background: #00ff00 background: #00ffff color: #ffffff; background: #000000 background: transparent @ http://localhost:8080/node_modules/.vite/deps/phaser.js?v=b72d2020:8455
[10243889ms] [LOG] [Socket] 已连接: UsZpU3cnvC5w5wSNAAAd @ http://localhost:8080/src/network/SocketManager.js:26
[11192334ms] [LOG] %c %c %c %c %c Phaser v3.90.0 (WebGL | Web Audio) %c https://phaser.io/v390 background: #ff0000 background: #ffff00 background: #00ff00 background: #00ffff color: #ffffff; background: #000000 background: transparent @ http://localhost:8080/node_modules/.vite/deps/phaser.js?v=b72d2020:8455
[11194442ms] [LOG] [Socket] 已连接: MU7o6uLqWk1wNPDeAAAl @ http://localhost:8080/src/network/SocketManager.js:26
[11202519ms] [LOG] %c %c %c %c %c Phaser v3.90.0 (WebGL | Web Audio) %c https://phaser.io/v390 background: #ff0000 background: #ffff00 background: #00ff00 background: #00ffff color: #ffffff; background: #000000 background: transparent @ http://localhost:8080/node_modules/.vite/deps/phaser.js?v=b72d2020:8455
[11204465ms] [LOG] [Socket] 已连接: hP1kBcxO82ZALIcNAAAr @ http://localhost:8080/src/network/SocketManager.js:26
[11245016ms] [LOG] %c %c %c %c %c Phaser v3.90.0 (WebGL | Web Audio) %c https://phaser.io/v390 background: #ff0000 background: #ffff00 background: #00ff00 background: #00ffff color: #ffffff; background: #000000 background: transparent @ http://localhost:8080/node_modules/.vite/deps/phaser.js?v=b72d2020:8455
[11248045ms] [LOG] [Socket] 已连接: 621jj8QLB5iOo-dEAAAx @ http://localhost:8080/src/network/SocketManager.js:26
[11262985ms] [LOG] %c %c %c %c %c Phaser v3.90.0 (WebGL | Web Audio) %c https://phaser.io/v390 background: #ff0000 background: #ffff00 background: #00ff00 background: #00ffff color: #ffffff; background: #000000 background: transparent @ http://localhost:8080/node_modules/.vite/deps/phaser.js?v=b72d2020:8455
[11265150ms] [LOG] [Socket] 已连接: 2tpL-opifRYm2jPUAAA3 @ http://localhost:8080/src/network/SocketManager.js:26
[12407492ms] [LOG] %c %c %c %c %c Phaser v3.90.0 (WebGL | Web Audio) %c https://phaser.io/v390 background: #ff0000 background: #ffff00 background: #00ff00 background: #00ffff color: #ffffff; background: #000000 background: transparent @ http://localhost:8080/node_modules/.vite/deps/phaser.js?v=b72d2020:8455
[12409673ms] [LOG] [Socket] 已连接: SegJ7CCPonoH5CKHAABJ @ http://localhost:8080/src/network/SocketManager.js:26
[12412908ms] [LOG] %c %c %c %c %c Phaser v3.90.0 (WebGL | Web Audio) %c https://phaser.io/v390 background: #ff0000 background: #ffff00 background: #00ff00 background: #00ffff color: #ffffff; background: #000000 background: transparent @ http://localhost:8080/node_modules/.vite/deps/phaser.js?v=b72d2020:8455
[12414786ms] [LOG] [Socket] 已连接: LLx7wXaRHojb1M_lAABN @ http://localhost:8080/src/network/SocketManager.js:26
[12984610ms] [LOG] %c %c %c %c %c Phaser v3.90.0 (WebGL | Web Audio) %c https://phaser.io/v390 background: #ff0000 background: #ffff00 background: #00ff00 background: #00ffff color: #ffffff; background: #000000 background: transparent @ http://localhost:8080/node_modules/.vite/deps/phaser.js?v=b72d2020:8455
[12986458ms] [LOG] [Socket] 已连接: MZfDNOuC2zLCJ_rZAABX @ http://localhost:8080/src/network/SocketManager.js:26
[13007843ms] [LOG] %c %c %c %c %c Phaser v3.90.0 (WebGL | Web Audio) %c https://phaser.io/v390 background: #ff0000 background: #ffff00 background: #00ff00 background: #00ffff color: #ffffff; background: #000000 background: transparent @ http://localhost:8080/node_modules/.vite/deps/phaser.js?v=b72d2020:8455
[13009755ms] [LOG] [Socket] 已连接: 9pi_peJ0aWvW6tKsAABf @ http://localhost:8080/src/network/SocketManager.js:26
[13017920ms] [LOG] %c %c %c %c %c Phaser v3.90.0 (WebGL | Web Audio) %c https://phaser.io/v390 background: #ff0000 background: #ffff00 background: #00ff00 background: #00ffff color: #ffffff; background: #000000 background: transparent @ http://localhost:8080/node_modules/.vite/deps/phaser.js?v=b72d2020:8455
[13020096ms] [LOG] [Socket] 已连接: gzP-qTJUGlx7xIeIAABl @ http://localhost:8080/src/network/SocketManager.js:26
[13056447ms] [LOG] %c %c %c %c %c Phaser v3.90.0 (WebGL | Web Audio) %c https://phaser.io/v390 background: #ff0000 background: #ffff00 background: #00ff00 background: #00ffff color: #ffffff; background: #000000 background: transparent @ http://localhost:8080/node_modules/.vite/deps/phaser.js?v=b72d2020:8455
[13058629ms] [LOG] [Socket] 已连接: UwoWtiAeTsljNxM2AABt @ http://localhost:8080/src/network/SocketManager.js:26
[14472366ms] [LOG] %c %c %c %c %c Phaser v3.90.0 (WebGL | Web Audio) %c https://phaser.io/v390 background: #ff0000 background: #ffff00 background: #00ff00 background: #00ffff color: #ffffff; background: #000000 background: transparent @ http://localhost:8080/node_modules/.vite/deps/phaser.js?v=b72d2020:8455
[14475191ms] [LOG] [Socket] 已连接: xjSB-2AfRXROXgODAAB3 @ http://localhost:8080/src/network/SocketManager.js:26
[14507495ms] [LOG] %c %c %c %c %c Phaser v3.90.0 (WebGL | Web Audio) %c https://phaser.io/v390 background: #ff0000 background: #ffff00 background: #00ff00 background: #00ffff color: #ffffff; background: #000000 background: transparent @ http://localhost:8080/node_modules/.vite/deps/phaser.js?v=b72d2020:8455
[14509784ms] [LOG] [Socket] 已连接: DlrfjUqoMohzNMM3AAB7 @ http://localhost:8080/src/network/SocketManager.js:26
[14519326ms] [LOG] %c %c %c %c %c Phaser v3.90.0 (WebGL | Web Audio) %c https://phaser.io/v390 background: #ff0000 background: #ffff00 background: #00ff00 background: #00ffff color: #ffffff; background: #000000 background: transparent @ http://localhost:8080/node_modules/.vite/deps/phaser.js?v=b72d2020:8455
[14521468ms] [LOG] [Socket] 已连接: aHn6150BFWcN_uhQAAB_ @ http://localhost:8080/src/network/SocketManager.js:26
[14537190ms] [LOG] %c %c %c %c %c Phaser v3.90.0 (WebGL | Web Audio) %c https://phaser.io/v390 background: #ff0000 background: #ffff00 background: #00ff00 background: #00ffff color: #ffffff; background: #000000 background: transparent @ http://localhost:8080/node_modules/.vite/deps/phaser.js?v=b72d2020:8455
[14539115ms] [LOG] [Socket] 已连接: YcRRxPswCadjYElGAACD @ http://localhost:8080/src/network/SocketManager.js:26
[14555516ms] [LOG] %c %c %c %c %c Phaser v3.90.0 (WebGL | Web Audio) %c https://phaser.io/v390 background: #ff0000 background: #ffff00 background: #00ff00 background: #00ffff color: #ffffff; background: #000000 background: transparent @ http://localhost:8080/node_modules/.vite/deps/phaser.js?v=b72d2020:8455
[14557798ms] [LOG] [Socket] 已连接: M0kcrvYfvg3-dgZTAACH @ http://localhost:8080/src/network/SocketManager.js:26
[14631900ms] [LOG] %c %c %c %c %c Phaser v3.90.0 (WebGL | Web Audio) %c https://phaser.io/v390 background: #ff0000 background: #ffff00 background: #00ff00 background: #00ffff color: #ffffff; background: #000000 background: transparent @ http://localhost:8080/node_modules/.vite/deps/phaser.js?v=b72d2020:8455
[14633896ms] [LOG] [Socket] 已连接: dC275SWvxKeGTN4MAACL @ http://localhost:8080/src/network/SocketManager.js:26
[14649803ms] [LOG] %c %c %c %c %c Phaser v3.90.0 (WebGL | Web Audio) %c https://phaser.io/v390 background: #ff0000 background: #ffff00 background: #00ff00 background: #00ffff color: #ffffff; background: #000000 background: transparent @ http://localhost:8080/node_modules/.vite/deps/phaser.js?v=b72d2020:8455
[14651932ms] [LOG] [Socket] 已连接: CJk4JtaQi2fT3YGjAACP @ http://localhost:8080/src/network/SocketManager.js:26
[14672595ms] [LOG] %c %c %c %c %c Phaser v3.90.0 (WebGL | Web Audio) %c https://phaser.io/v390 background: #ff0000 background: #ffff00 background: #00ff00 background: #00ffff color: #ffffff; background: #000000 background: transparent @ http://localhost:8080/node_modules/.vite/deps/phaser.js?v=b72d2020:8455
[14674801ms] [LOG] [Socket] 已连接: IoLeEncTy9eykD2TAACT @ http://localhost:8080/src/network/SocketManager.js:26
[14680259ms] [LOG] %c %c %c %c %c Phaser v3.90.0 (WebGL | Web Audio) %c https://phaser.io/v390 background: #ff0000 background: #ffff00 background: #00ff00 background: #00ffff color: #ffffff; background: #000000 background: transparent @ http://localhost:8080/node_modules/.vite/deps/phaser.js?v=b72d2020:8455
[14682400ms] [LOG] [Socket] 已连接: BVPI0ICCdPCkSjEXAACX @ http://localhost:8080/src/network/SocketManager.js:26
[14700094ms] [LOG] %c %c %c %c %c Phaser v3.90.0 (WebGL | Web Audio) %c https://phaser.io/v390 background: #ff0000 background: #ffff00 background: #00ff00 background: #00ffff color: #ffffff; background: #000000 background: transparent @ http://localhost:8080/node_modules/.vite/deps/phaser.js?v=b72d2020:8455
[14702309ms] [LOG] [Socket] 已连接: QWrHhENCnbwlZ6cIAACb @ http://localhost:8080/src/network/SocketManager.js:26
[14920316ms] [LOG] %c %c %c %c %c Phaser v3.90.0 (WebGL | Web Audio) %c https://phaser.io/v390 background: #ff0000 background: #ffff00 background: #00ff00 background: #00ffff color: #ffffff; background: #000000 background: transparent @ http://localhost:8080/node_modules/.vite/deps/phaser.js?v=b72d2020:8455
[14922405ms] [LOG] [Socket] 已连接: -XJeNezAV3ee8rdJAACj @ http://localhost:8080/src/network/SocketManager.js:26
[14927153ms] [LOG] %c %c %c %c %c Phaser v3.90.0 (WebGL | Web Audio) %c https://phaser.io/v390 background: #ff0000 background: #ffff00 background: #00ff00 background: #00ffff color: #ffffff; background: #000000 background: transparent @ http://localhost:8080/node_modules/.vite/deps/phaser.js?v=b72d2020:8455
[14929466ms] [LOG] [Socket] 已连接: 59OnM0OQC-IhrecoAACn @ http://localhost:8080/src/network/SocketManager.js:26
[15085205ms] [LOG] %c %c %c %c %c Phaser v3.90.0 (WebGL | Web Audio) %c https://phaser.io/v390 background: #ff0000 background: #ffff00 background: #00ff00 background: #00ffff color: #ffffff; background: #000000 background: transparent @ http://localhost:8080/node_modules/.vite/deps/phaser.js?v=b72d2020:8455
[15087120ms] [LOG] [Socket] 已连接: 62FkxQjLmTfxeKJZAACt @ http://localhost:8080/src/network/SocketManager.js:26
[15594049ms] [LOG] %c %c %c %c %c Phaser v3.90.0 (WebGL | Web Audio) %c https://phaser.io/v390 background: #ff0000 background: #ffff00 background: #00ff00 background: #00ffff color: #ffffff; background: #000000 background: transparent @ http://localhost:8080/node_modules/.vite/deps/phaser.js?v=b72d2020:8455
[15595970ms] [LOG] [Socket] 已连接: CIlOIRxCffhkvK39AAC1 @ http://localhost:8080/src/network/SocketManager.js:26
[15725230ms] [LOG] %c %c %c %c %c Phaser v3.90.0 (WebGL | Web Audio) %c https://phaser.io/v390 background: #ff0000 background: #ffff00 background: #00ff00 background: #00ffff color: #ffffff; background: #000000 background: transparent @ http://localhost:8080/node_modules/.vite/deps/phaser.js?v=b72d2020:8455
[15727333ms] [LOG] [Socket] 已连接: WrQhZIGlkJEOjWwEAAC7 @ http://localhost:8080/src/network/SocketManager.js:26
[15732175ms] [LOG] %c %c %c %c %c Phaser v3.90.0 (WebGL | Web Audio) %c https://phaser.io/v390 background: #ff0000 background: #ffff00 background: #00ff00 background: #00ffff color: #ffffff; background: #000000 background: transparent @ http://localhost:8080/node_modules/.vite/deps/phaser.js?v=b72d2020:8455
[15734374ms] [LOG] [Socket] 已连接: VxH9aZWGik_GJ9IUAAC_ @ http://localhost:8080/src/network/SocketManager.js:26
[15861170ms] [LOG] %c %c %c %c %c Phaser v3.90.0 (WebGL | Web Audio) %c https://phaser.io/v390 background: #ff0000 background: #ffff00 background: #00ff00 background: #00ffff color: #ffffff; background: #000000 background: transparent @ http://localhost:8080/node_modules/.vite/deps/phaser.js?v=b72d2020:8455
[15863207ms] [LOG] [Socket] 已连接: WduHilZGXsHh0Tg6AADF @ http://localhost:8080/src/network/SocketManager.js:26
[15867972ms] [LOG] %c %c %c %c %c Phaser v3.90.0 (WebGL | Web Audio) %c https://phaser.io/v390 background: #ff0000 background: #ffff00 background: #00ff00 background: #00ffff color: #ffffff; background: #000000 background: transparent @ http://localhost:8080/node_modules/.vite/deps/phaser.js?v=b72d2020:8455
[15869894ms] [LOG] [Socket] 已连接: exva-hgX7k5fyQ35AADJ @ http://localhost:8080/src/network/SocketManager.js:26
[16283216ms] [LOG] [Socket] 已断开 @ http://localhost:8080/src/network/SocketManager.js:33
[16283218ms] [LOG] [vite] server connection lost. Polling for restart... @ http://localhost:8080/@vite/client:559
[16284768ms] [ERROR] Failed to load resource: net::ERR_CONNECTION_REFUSED @ http://localhost:8080/:0
[16286179ms] [ERROR] WebSocket connection to 'ws://localhost:8080/socket.io/?EIO=4&transport=websocket' failed: Error in connection establishment: net::ERR_CONNECTION_REFUSED @ http://localhost:8080/node_modules/.vite/deps/socket__io-client.js?v=b72d2020:1062
[16286826ms] [ERROR] Failed to load resource: net::ERR_CONNECTION_REFUSED @ http://localhost:8080/:0
[16288130ms] [ERROR] Failed to load resource: net::ERR_CONNECTION_REFUSED @ http://localhost:8080/:0
[16289435ms] [ERROR] Failed to load resource: net::ERR_CONNECTION_REFUSED @ http://localhost:8080/:0
[16289880ms] [ERROR] WebSocket connection to 'ws://localhost:8080/socket.io/?EIO=4&transport=websocket' failed: Error in connection establishment: net::ERR_CONNECTION_REFUSED @ http://localhost:8080/node_modules/.vite/deps/socket__io-client.js?v=b72d2020:1062
[16291440ms] [ERROR] Failed to load resource: net::ERR_CONNECTION_REFUSED @ http://localhost:8080/:0
[16292755ms] [ERROR] Failed to load resource: net::ERR_CONNECTION_REFUSED @ http://localhost:8080/:0
[16294073ms] [ERROR] Failed to load resource: net::ERR_CONNECTION_REFUSED @ http://localhost:8080/:0
[16296053ms] [ERROR] Failed to load resource: net::ERR_CONNECTION_REFUSED @ http://localhost:8080/:0
[16296191ms] [ERROR] WebSocket connection to 'ws://localhost:8080/socket.io/?EIO=4&transport=websocket' failed: Error in connection establishment: net::ERR_CONNECTION_REFUSED @ http://localhost:8080/node_modules/.vite/deps/socket__io-client.js?v=b72d2020:1062
[16297367ms] [ERROR] Failed to load resource: net::ERR_CONNECTION_REFUSED @ http://localhost:8080/:0
[16298686ms] [ERROR] Failed to load resource: net::ERR_CONNECTION_REFUSED @ http://localhost:8080/:0
[16300667ms] [ERROR] Failed to load resource: net::ERR_CONNECTION_REFUSED @ http://localhost:8080/:0
[16301979ms] [ERROR] Failed to load resource: net::ERR_CONNECTION_REFUSED @ http://localhost:8080/:0
[16302497ms] [ERROR] WebSocket connection to 'ws://localhost:8080/socket.io/?EIO=4&transport=websocket' failed: Error in connection establishment: net::ERR_CONNECTION_REFUSED @ http://localhost:8080/node_modules/.vite/deps/socket__io-client.js?v=b72d2020:1062
[16303298ms] [ERROR] Failed to load resource: net::ERR_CONNECTION_REFUSED @ http://localhost:8080/:0
[16305279ms] [ERROR] Failed to load resource: net::ERR_CONNECTION_REFUSED @ http://localhost:8080/:0
[16306592ms] [ERROR] Failed to load resource: net::ERR_CONNECTION_REFUSED @ http://localhost:8080/:0
[16307910ms] [ERROR] Failed to load resource: net::ERR_CONNECTION_REFUSED @ http://localhost:8080/:0
[16308804ms] [ERROR] WebSocket connection to 'ws://localhost:8080/socket.io/?EIO=4&transport=websocket' failed: Error in connection establishment: net::ERR_CONNECTION_REFUSED @ http://localhost:8080/node_modules/.vite/deps/socket__io-client.js?v=b72d2020:1062
[16309892ms] [ERROR] Failed to load resource: net::ERR_CONNECTION_REFUSED @ http://localhost:8080/:0
[16311206ms] [ERROR] Failed to load resource: net::ERR_CONNECTION_REFUSED @ http://localhost:8080/:0
[16312523ms] [ERROR] Failed to load resource: net::ERR_CONNECTION_REFUSED @ http://localhost:8080/:0
[16314504ms] [ERROR] Failed to load resource: net::ERR_CONNECTION_REFUSED @ http://localhost:8080/:0
[16315113ms] [ERROR] WebSocket connection to 'ws://localhost:8080/socket.io/?EIO=4&transport=websocket' failed: Error in connection establishment: net::ERR_CONNECTION_REFUSED @ http://localhost:8080/node_modules/.vite/deps/socket__io-client.js?v=b72d2020:1062
[16315823ms] [ERROR] Failed to load resource: net::ERR_CONNECTION_REFUSED @ http://localhost:8080/:0
[16317134ms] [ERROR] Failed to load resource: net::ERR_CONNECTION_REFUSED @ http://localhost:8080/:0
[16319118ms] [ERROR] Failed to load resource: net::ERR_CONNECTION_REFUSED @ http://localhost:8080/:0
[16320433ms] [ERROR] Failed to load resource: net::ERR_CONNECTION_REFUSED @ http://localhost:8080/:0
[16321425ms] [ERROR] WebSocket connection to 'ws://localhost:8080/socket.io/?EIO=4&transport=websocket' failed: Error in connection establishment: net::ERR_CONNECTION_REFUSED @ http://localhost:8080/node_modules/.vite/deps/socket__io-client.js?v=b72d2020:1062
[16321751ms] [ERROR] Failed to load resource: net::ERR_CONNECTION_REFUSED @ http://localhost:8080/:0
[16323738ms] [ERROR] Failed to load resource: net::ERR_CONNECTION_REFUSED @ http://localhost:8080/:0
[16325053ms] [ERROR] Failed to load resource: net::ERR_CONNECTION_REFUSED @ http://localhost:8080/:0
[16326364ms] [ERROR] Failed to load resource: net::ERR_CONNECTION_REFUSED @ http://localhost:8080/:0
[16327737ms] [ERROR] WebSocket connection to 'ws://localhost:8080/socket.io/?EIO=4&transport=websocket' failed: Error in connection establishment: net::ERR_CONNECTION_REFUSED @ http://localhost:8080/node_modules/.vite/deps/socket__io-client.js?v=b72d2020:1062
[16328352ms] [ERROR] Failed to load resource: net::ERR_CONNECTION_REFUSED @ http://localhost:8080/:0
[16329666ms] [ERROR] Failed to load resource: net::ERR_CONNECTION_REFUSED @ http://localhost:8080/:0
[16330978ms] [ERROR] Failed to load resource: net::ERR_CONNECTION_REFUSED @ http://localhost:8080/:0
[16332966ms] [ERROR] Failed to load resource: net::ERR_CONNECTION_REFUSED @ http://localhost:8080/:0
[16334065ms] [ERROR] WebSocket connection to 'ws://localhost:8080/socket.io/?EIO=4&transport=websocket' failed: Error in connection establishment: net::ERR_CONNECTION_REFUSED @ http://localhost:8080/node_modules/.vite/deps/socket__io-client.js?v=b72d2020:1062
[16334278ms] [ERROR] Failed to load resource: net::ERR_CONNECTION_REFUSED @ http://localhost:8080/:0
[16335591ms] [ERROR] Failed to load resource: net::ERR_CONNECTION_REFUSED @ http://localhost:8080/:0
[16337578ms] [ERROR] Failed to load resource: net::ERR_CONNECTION_REFUSED @ http://localhost:8080/:0
[16338892ms] [ERROR] Failed to load resource: net::ERR_CONNECTION_REFUSED @ http://localhost:8080/:0
[16340202ms] [ERROR] Failed to load resource: net::ERR_CONNECTION_REFUSED @ http://localhost:8080/:0
[16340401ms] [ERROR] WebSocket connection to 'ws://localhost:8080/socket.io/?EIO=4&transport=websocket' failed: Error in connection establishment: net::ERR_CONNECTION_REFUSED @ http://localhost:8080/node_modules/.vite/deps/socket__io-client.js?v=b72d2020:1062
[16342202ms] [ERROR] Failed to load resource: net::ERR_CONNECTION_REFUSED @ http://localhost:8080/:0
[16343508ms] [ERROR] Failed to load resource: net::ERR_CONNECTION_REFUSED @ http://localhost:8080/:0
[16344817ms] [ERROR] Failed to load resource: net::ERR_CONNECTION_REFUSED @ http://localhost:8080/:0
[16346753ms] [ERROR] WebSocket connection to 'ws://localhost:8080/socket.io/?EIO=4&transport=websocket' failed: Error in connection establishment: net::ERR_CONNECTION_REFUSED @ http://localhost:8080/node_modules/.vite/deps/socket__io-client.js?v=b72d2020:1062
[16346817ms] [ERROR] Failed to load resource: net::ERR_CONNECTION_REFUSED @ http://localhost:8080/:0
[16348122ms] [ERROR] Failed to load resource: net::ERR_CONNECTION_REFUSED @ http://localhost:8080/:0
[16349431ms] [ERROR] Failed to load resource: net::ERR_CONNECTION_REFUSED @ http://localhost:8080/:0
[16351433ms] [ERROR] Failed to load resource: net::ERR_CONNECTION_REFUSED @ http://localhost:8080/:0
[16352740ms] [ERROR] Failed to load resource: net::ERR_CONNECTION_REFUSED @ http://localhost:8080/:0
[16353147ms] [ERROR] WebSocket connection to 'ws://localhost:8080/socket.io/?EIO=4&transport=websocket' failed: Error in connection establishment: net::ERR_CONNECTION_REFUSED @ http://localhost:8080/node_modules/.vite/deps/socket__io-client.js?v=b72d2020:1062
[16354053ms] [ERROR] Failed to load resource: net::ERR_CONNECTION_REFUSED @ http://localhost:8080/:0
[16356045ms] [ERROR] Failed to load resource: net::ERR_CONNECTION_REFUSED @ http://localhost:8080/:0
[16357359ms] [ERROR] Failed to load resource: net::ERR_CONNECTION_REFUSED @ http://localhost:8080/:0
[16358667ms] [ERROR] Failed to load resource: net::ERR_CONNECTION_REFUSED @ http://localhost:8080/:0
[16359699ms] [ERROR] WebSocket connection to 'ws://localhost:8080/socket.io/?EIO=4&transport=websocket' failed: Error in connection establishment: net::ERR_CONNECTION_REFUSED @ http://localhost:8080/node_modules/.vite/deps/socket__io-client.js?v=b72d2020:1062
[16360669ms] [ERROR] Failed to load resource: net::ERR_CONNECTION_REFUSED @ http://localhost:8080/:0
[16361976ms] [ERROR] Failed to load resource: net::ERR_CONNECTION_REFUSED @ http://localhost:8080/:0
[16363280ms] [ERROR] Failed to load resource: net::ERR_CONNECTION_REFUSED @ http://localhost:8080/:0
[16365283ms] [ERROR] Failed to load resource: net::ERR_CONNECTION_REFUSED @ http://localhost:8080/:0
[16366319ms] [ERROR] WebSocket connection to 'ws://localhost:8080/socket.io/?EIO=4&transport=websocket' failed: Error in connection establishment: net::ERR_CONNECTION_REFUSED @ http://localhost:8080/node_modules/.vite/deps/socket__io-client.js?v=b72d2020:1062
[16366591ms] [ERROR] Failed to load resource: net::ERR_CONNECTION_REFUSED @ http://localhost:8080/:0
[16367896ms] [ERROR] Failed to load resource: net::ERR_CONNECTION_REFUSED @ http://localhost:8080/:0
[16369894ms] [ERROR] Failed to load resource: net::ERR_CONNECTION_REFUSED @ http://localhost:8080/:0
[16371202ms] [ERROR] Failed to load resource: net::ERR_CONNECTION_REFUSED @ http://localhost:8080/:0
[16372509ms] [ERROR] Failed to load resource: net::ERR_CONNECTION_REFUSED @ http://localhost:8080/:0
[16373627ms] [ERROR] WebSocket connection to 'ws://localhost:8080/socket.io/?EIO=4&transport=websocket' failed: Error in connection establishment: net::ERR_CONNECTION_REFUSED @ http://localhost:8080/node_modules/.vite/deps/socket__io-client.js?v=b72d2020:1062
[16374514ms] [ERROR] Failed to load resource: net::ERR_CONNECTION_REFUSED @ http://localhost:8080/:0
[16375820ms] [ERROR] Failed to load resource: net::ERR_CONNECTION_REFUSED @ http://localhost:8080/:0
[16377124ms] [ERROR] Failed to load resource: net::ERR_CONNECTION_REFUSED @ http://localhost:8080/:0
[16379127ms] [ERROR] Failed to load resource: net::ERR_CONNECTION_REFUSED @ http://localhost:8080/:0
[16380441ms] [ERROR] Failed to load resource: net::ERR_CONNECTION_REFUSED @ http://localhost:8080/:0
[16381169ms] [ERROR] WebSocket connection to 'ws://localhost:8080/socket.io/?EIO=4&transport=websocket' failed: Error in connection establishment: net::ERR_CONNECTION_REFUSED @ http://localhost:8080/node_modules/.vite/deps/socket__io-client.js?v=b72d2020:1062
[16381746ms] [ERROR] Failed to load resource: net::ERR_CONNECTION_REFUSED @ http://localhost:8080/:0
[16383740ms] [ERROR] Failed to load resource: net::ERR_CONNECTION_REFUSED @ http://localhost:8080/:0
[16385059ms] [ERROR] Failed to load resource: net::ERR_CONNECTION_REFUSED @ http://localhost:8080/:0
[16386365ms] [ERROR] Failed to load resource: net::ERR_CONNECTION_REFUSED @ http://localhost:8080/:0
[16388365ms] [ERROR] Failed to load resource: net::ERR_CONNECTION_REFUSED @ http://localhost:8080/:0
[16389680ms] [ERROR] Failed to load resource: net::ERR_CONNECTION_REFUSED @ http://localhost:8080/:0
[16390305ms] [ERROR] WebSocket connection to 'ws://localhost:8080/socket.io/?EIO=4&transport=websocket' failed: Error in connection establishment: net::ERR_CONNECTION_REFUSED @ http://localhost:8080/node_modules/.vite/deps/socket__io-client.js?v=b72d2020:1062
[16390982ms] [ERROR] Failed to load resource: net::ERR_CONNECTION_REFUSED @ http://localhost:8080/:0
[16392980ms] [ERROR] Failed to load resource: net::ERR_CONNECTION_REFUSED @ http://localhost:8080/:0
[16394293ms] [ERROR] Failed to load resource: net::ERR_CONNECTION_REFUSED @ http://localhost:8080/:0
[16395602ms] [ERROR] Failed to load resource: net::ERR_CONNECTION_REFUSED @ http://localhost:8080/:0
[16397598ms] [ERROR] Failed to load resource: net::ERR_CONNECTION_REFUSED @ http://localhost:8080/:0
[16398922ms] [ERROR] Failed to load resource: net::ERR_CONNECTION_REFUSED @ http://localhost:8080/:0
[16400228ms] [ERROR] Failed to load resource: net::ERR_CONNECTION_REFUSED @ http://localhost:8080/:0
[16400338ms] [ERROR] WebSocket connection to 'ws://localhost:8080/socket.io/?EIO=4&transport=websocket' failed: Error in connection establishment: net::ERR_CONNECTION_REFUSED @ http://localhost:8080/node_modules/.vite/deps/socket__io-client.js?v=b72d2020:1062
[16402211ms] [ERROR] Failed to load resource: net::ERR_CONNECTION_REFUSED @ http://localhost:8080/:0
[16403537ms] [ERROR] Failed to load resource: net::ERR_CONNECTION_REFUSED @ http://localhost:8080/:0
[16404843ms] [ERROR] Failed to load resource: net::ERR_CONNECTION_REFUSED @ http://localhost:8080/:0
[16406643ms] [ERROR] WebSocket connection to 'ws://localhost:8080/socket.io/?EIO=4&transport=websocket' failed: Error in connection establishment: net::ERR_CONNECTION_REFUSED @ http://localhost:8080/node_modules/.vite/deps/socket__io-client.js?v=b72d2020:1062
[16406827ms] [ERROR] Failed to load resource: net::ERR_CONNECTION_REFUSED @ http://localhost:8080/:0
[16408153ms] [ERROR] Failed to load resource: net::ERR_CONNECTION_REFUSED @ http://localhost:8080/:0
[16409458ms] [ERROR] Failed to load resource: net::ERR_CONNECTION_REFUSED @ http://localhost:8080/:0
[16411441ms] [ERROR] Failed to load resource: net::ERR_CONNECTION_REFUSED @ http://localhost:8080/:0
[16412767ms] [ERROR] Failed to load resource: net::ERR_CONNECTION_REFUSED @ http://localhost:8080/:0
[16412952ms] [ERROR] WebSocket connection to 'ws://localhost:8080/socket.io/?EIO=4&transport=websocket' failed: Error in connection establishment: net::ERR_CONNECTION_REFUSED @ http://localhost:8080/node_modules/.vite/deps/socket__io-client.js?v=b72d2020:1062
[16414074ms] [ERROR] Failed to load resource: net::ERR_CONNECTION_REFUSED @ http://localhost:8080/:0
[16416060ms] [ERROR] Failed to load resource: net::ERR_CONNECTION_REFUSED @ http://localhost:8080/:0
[16417381ms] [ERROR] Failed to load resource: net::ERR_CONNECTION_REFUSED @ http://localhost:8080/:0
[16418688ms] [ERROR] Failed to load resource: net::ERR_CONNECTION_REFUSED @ http://localhost:8080/:0
[16419259ms] [ERROR] WebSocket connection to 'ws://localhost:8080/socket.io/?EIO=4&transport=websocket' failed: Error in connection establishment: net::ERR_CONNECTION_REFUSED @ http://localhost:8080/node_modules/.vite/deps/socket__io-client.js?v=b72d2020:1062
[16420676ms] [ERROR] Failed to load resource: net::ERR_CONNECTION_REFUSED @ http://localhost:8080/:0
[16421997ms] [ERROR] Failed to load resource: net::ERR_CONNECTION_REFUSED @ http://localhost:8080/:0
[16423302ms] [ERROR] Failed to load resource: net::ERR_CONNECTION_REFUSED @ http://localhost:8080/:0
[16425289ms] [ERROR] Failed to load resource: net::ERR_CONNECTION_REFUSED @ http://localhost:8080/:0
[16425879ms] [ERROR] WebSocket connection to 'ws://localhost:8080/socket.io/?EIO=4&transport=websocket' failed: Error in connection establishment: net::ERR_CONNECTION_REFUSED @ http://localhost:8080/node_modules/.vite/deps/socket__io-client.js?v=b72d2020:1062
[16426610ms] [ERROR] Failed to load resource: net::ERR_CONNECTION_REFUSED @ http://localhost:8080/:0
[16427919ms] [ERROR] Failed to load resource: net::ERR_CONNECTION_REFUSED @ http://localhost:8080/:0
[16429904ms] [ERROR] Failed to load resource: net::ERR_CONNECTION_REFUSED @ http://localhost:8080/:0
[16431222ms] [ERROR] Failed to load resource: net::ERR_CONNECTION_REFUSED @ http://localhost:8080/:0
[16432187ms] [ERROR] WebSocket connection to 'ws://localhost:8080/socket.io/?EIO=4&transport=websocket' failed: Error in connection establishment: net::ERR_CONNECTION_REFUSED @ http://localhost:8080/node_modules/.vite/deps/socket__io-client.js?v=b72d2020:1062
[16432532ms] [ERROR] Failed to load resource: net::ERR_CONNECTION_REFUSED @ http://localhost:8080/:0
[16434520ms] [ERROR] Failed to load resource: net::ERR_CONNECTION_REFUSED @ http://localhost:8080/:0
[16435831ms] [ERROR] Failed to load resource: net::ERR_CONNECTION_REFUSED @ http://localhost:8080/:0
[16437142ms] [ERROR] Failed to load resource: net::ERR_CONNECTION_REFUSED @ http://localhost:8080/:0
[16438496ms] [ERROR] WebSocket connection to 'ws://localhost:8080/socket.io/?EIO=4&transport=websocket' failed: Error in connection establishment: net::ERR_CONNECTION_REFUSED @ http://localhost:8080/node_modules/.vite/deps/socket__io-client.js?v=b72d2020:1062
[16439134ms] [ERROR] Failed to load resource: net::ERR_CONNECTION_REFUSED @ http://localhost:8080/:0
[16440452ms] [ERROR] Failed to load resource: net::ERR_CONNECTION_REFUSED @ http://localhost:8080/:0
[16441756ms] [ERROR] Failed to load resource: net::ERR_CONNECTION_REFUSED @ http://localhost:8080/:0
[16443747ms] [ERROR] Failed to load resource: net::ERR_CONNECTION_REFUSED @ http://localhost:8080/:0
[16444805ms] [ERROR] WebSocket connection to 'ws://localhost:8080/socket.io/?EIO=4&transport=websocket' failed: Error in connection establishment: net::ERR_CONNECTION_REFUSED @ http://localhost:8080/node_modules/.vite/deps/socket__io-client.js?v=b72d2020:1062
[16445066ms] [ERROR] Failed to load resource: net::ERR_CONNECTION_REFUSED @ http://localhost:8080/:0
[16446371ms] [ERROR] Failed to load resource: net::ERR_CONNECTION_REFUSED @ http://localhost:8080/:0
[16448364ms] [ERROR] Failed to load resource: net::ERR_CONNECTION_REFUSED @ http://localhost:8080/:0
[16449678ms] [ERROR] Failed to load resource: net::ERR_CONNECTION_REFUSED @ http://localhost:8080/:0
[16450984ms] [ERROR] Failed to load resource: net::ERR_CONNECTION_REFUSED @ http://localhost:8080/:0
[16451805ms] [ERROR] WebSocket connection to 'ws://localhost:8080/socket.io/?EIO=4&transport=websocket' failed: Error in connection establishment: net::ERR_CONNECTION_REFUSED @ http://localhost:8080/node_modules/.vite/deps/socket__io-client.js?v=b72d2020:1062
[16452979ms] [ERROR] Failed to load resource: net::ERR_CONNECTION_REFUSED @ http://localhost:8080/:0
[16454293ms] [ERROR] Failed to load resource: net::ERR_CONNECTION_REFUSED @ http://localhost:8080/:0
[16455601ms] [ERROR] Failed to load resource: net::ERR_CONNECTION_REFUSED @ http://localhost:8080/:0
[16457526ms] [LOG] %c %c %c %c %c Phaser v3.90.0 (WebGL | Web Audio) %c https://phaser.io/v390 background: #ff0000 background: #ffff00 background: #00ff00 background: #00ffff color: #ffffff; background: #000000 background: transparent @ http://localhost:8080/node_modules/.vite/deps/phaser.js?v=b72d2020:8455
[16459251ms] [LOG] [Socket] 已连接: POvwtPLwsBb4k_3oAAAD @ http://localhost:8080/src/network/SocketManager.js:26
[16573304ms] [LOG] %c %c %c %c %c Phaser v3.90.0 (WebGL | Web Audio) %c https://phaser.io/v390 background: #ff0000 background: #ffff00 background: #00ff00 background: #00ffff color: #ffffff; background: #000000 background: transparent @ http://localhost:8080/node_modules/.vite/deps/phaser.js?v=b72d2020:8455
[16575206ms] [LOG] [Socket] 已连接: XQNAl0vBpFUEaKc7AAAN @ http://localhost:8080/src/network/SocketManager.js:26
[16628293ms] [LOG] %c %c %c %c %c Phaser v3.90.0 (WebGL | Web Audio) %c https://phaser.io/v390 background: #ff0000 background: #ffff00 background: #00ff00 background: #00ffff color: #ffffff; background: #000000 background: transparent @ http://localhost:8080/node_modules/.vite/deps/phaser.js?v=b72d2020:8455
[16630245ms] [LOG] [Socket] 已连接: CQt_IIckVoXpxk3oAAAT @ http://localhost:8080/src/network/SocketManager.js:26
[19536642ms] [LOG] [Socket] 已断开 @ http://localhost:8080/src/network/SocketManager.js:33
[19536643ms] [LOG] [vite] server connection lost. Polling for restart... @ http://localhost:8080/@vite/client:559
[19538195ms] [ERROR] Failed to load resource: net::ERR_CONNECTION_REFUSED @ http://localhost:8080/:0
[19539726ms] [ERROR] WebSocket connection to 'ws://localhost:8080/socket.io/?EIO=4&transport=websocket' failed: Error in connection establishment: net::ERR_CONNECTION_REFUSED @ http://localhost:8080/node_modules/.vite/deps/socket__io-client.js?v=b72d2020:1062
[19540249ms] [ERROR] Failed to load resource: net::ERR_CONNECTION_REFUSED @ http://localhost:8080/:0
[19541553ms] [ERROR] Failed to load resource: net::ERR_CONNECTION_REFUSED @ http://localhost:8080/:0
[19542858ms] [ERROR] Failed to load resource: net::ERR_CONNECTION_REFUSED @ http://localhost:8080/:0
[19543582ms] [ERROR] WebSocket connection to 'ws://localhost:8080/socket.io/?EIO=4&transport=websocket' failed: Error in connection establishment: net::ERR_CONNECTION_REFUSED @ http://localhost:8080/node_modules/.vite/deps/socket__io-client.js?v=b72d2020:1062
[19545039ms] [LOG] %c %c %c %c %c Phaser v3.90.0 (WebGL | Web Audio) %c https://phaser.io/v390 background: #ff0000 background: #ffff00 background: #00ff00 background: #00ffff color: #ffffff; background: #000000 background: transparent @ http://localhost:8080/node_modules/.vite/deps/phaser.js?v=b72d2020:8455
[19547002ms] [LOG] [Socket] 已连接: VvIhgF-0VwtWMeBeAAAF @ http://localhost:8080/src/network/SocketManager.js:26
[19671963ms] [LOG] %c %c %c %c %c Phaser v3.90.0 (WebGL | Web Audio) %c https://phaser.io/v390 background: #ff0000 background: #ffff00 background: #00ff00 background: #00ffff color: #ffffff; background: #000000 background: transparent @ http://localhost:8080/node_modules/.vite/deps/phaser.js?v=b72d2020:8455
[19674186ms] [LOG] [Socket] 已连接: l9EpNDHLibnaYCTcAAAN @ http://localhost:8080/src/network/SocketManager.js:26
[19689760ms] [LOG] %c %c %c %c %c Phaser v3.90.0 (WebGL | Web Audio) %c https://phaser.io/v390 background: #ff0000 background: #ffff00 background: #00ff00 background: #00ffff color: #ffffff; background: #000000 background: transparent @ http://localhost:8080/node_modules/.vite/deps/phaser.js?v=b72d2020:8455
[19691755ms] [LOG] [Socket] 已连接: Jndie-Q0x5jVbpiqAAAT @ http://localhost:8080/src/network/SocketManager.js:26
[19698496ms] [LOG] %c %c %c %c %c Phaser v3.90.0 (WebGL | Web Audio) %c https://phaser.io/v390 background: #ff0000 background: #ffff00 background: #00ff00 background: #00ffff color: #ffffff; background: #000000 background: transparent @ http://localhost:8080/node_modules/.vite/deps/phaser.js?v=b72d2020:8455
[19701646ms] [LOG] [Socket] 已连接: B7aBQWOAP7WrvC9rAAAX @ http://localhost:8080/src/network/SocketManager.js:26
[19707610ms] [LOG] %c %c %c %c %c Phaser v3.90.0 (WebGL | Web Audio) %c https://phaser.io/v390 background: #ff0000 background: #ffff00 background: #00ff00 background: #00ffff color: #ffffff; background: #000000 background: transparent @ http://localhost:8080/node_modules/.vite/deps/phaser.js?v=b72d2020:8455
[19709822ms] [LOG] [Socket] 已连接: R_NheN-h731XuMv1AAAd @ http://localhost:8080/src/network/SocketManager.js:26
[19811412ms] [LOG] %c %c %c %c %c Phaser v3.90.0 (WebGL | Web Audio) %c https://phaser.io/v390 background: #ff0000 background: #ffff00 background: #00ff00 background: #00ffff color: #ffffff; background: #000000 background: transparent @ http://localhost:8080/node_modules/.vite/deps/phaser.js?v=b72d2020:8455
[19813621ms] [LOG] [Socket] 已连接: 8-5fvLTxmtE1xLgyAAAl @ http://localhost:8080/src/network/SocketManager.js:26
[19819039ms] [LOG] %c %c %c %c %c Phaser v3.90.0 (WebGL | Web Audio) %c https://phaser.io/v390 background: #ff0000 background: #ffff00 background: #00ff00 background: #00ffff color: #ffffff; background: #000000 background: transparent @ http://localhost:8080/node_modules/.vite/deps/phaser.js?v=b72d2020:8455
[19821214ms] [LOG] [Socket] 已连接: lKa5nf7AfCj661WyAAAr @ http://localhost:8080/src/network/SocketManager.js:26
[20025820ms] [LOG] %c %c %c %c %c Phaser v3.90.0 (WebGL | Web Audio) %c https://phaser.io/v390 background: #ff0000 background: #ffff00 background: #00ff00 background: #00ffff color: #ffffff; background: #000000 background: transparent @ http://localhost:8080/node_modules/.vite/deps/phaser.js?v=b72d2020:8455
[20028747ms] [LOG] [Socket] 已连接: LvPTbhNqzaH3wtsKAAAz @ http://localhost:8080/src/network/SocketManager.js:26
[20032151ms] [LOG] %c %c %c %c %c Phaser v3.90.0 (WebGL | Web Audio) %c https://phaser.io/v390 background: #ff0000 background: #ffff00 background: #00ff00 background: #00ffff color: #ffffff; background: #000000 background: transparent @ http://localhost:8080/node_modules/.vite/deps/phaser.js?v=b72d2020:8455
[20034116ms] [LOG] [Socket] 已连接: ZKs7aM4rSu6UYKjQAAA3 @ http://localhost:8080/src/network/SocketManager.js:26
[20059583ms] [LOG] [vite] server connection lost. Polling for restart... @ http://localhost:8080/@vite/client:559
[20059585ms] [LOG] [Socket] 已断开 @ http://localhost:8080/src/network/SocketManager.js:33
[20061134ms] [ERROR] Failed to load resource: net::ERR_CONNECTION_REFUSED @ http://localhost:8080/:0
[20062984ms] [ERROR] WebSocket connection to 'ws://localhost:8080/socket.io/?EIO=4&transport=websocket' failed: Error in connection establishment: net::ERR_CONNECTION_REFUSED @ http://localhost:8080/node_modules/.vite/deps/socket__io-client.js?v=b72d2020:1062
[20063191ms] [ERROR] Failed to load resource: net::ERR_CONNECTION_REFUSED @ http://localhost:8080/:0
[20064496ms] [ERROR] Failed to load resource: net::ERR_CONNECTION_REFUSED @ http://localhost:8080/:0
[20065817ms] [ERROR] Failed to load resource: net::ERR_CONNECTION_REFUSED @ http://localhost:8080/:0
[20066267ms] [ERROR] WebSocket connection to 'ws://localhost:8080/socket.io/?EIO=4&transport=websocket' failed: Error in connection establishment: net::ERR_CONNECTION_REFUSED @ http://localhost:8080/node_modules/.vite/deps/socket__io-client.js?v=b72d2020:1062
[20067812ms] [ERROR] Failed to load resource: net::ERR_CONNECTION_REFUSED @ http://localhost:8080/:0
[20069117ms] [ERROR] Failed to load resource: net::ERR_CONNECTION_REFUSED @ http://localhost:8080/:0
[20070430ms] [ERROR] Failed to load resource: net::ERR_CONNECTION_REFUSED @ http://localhost:8080/:0
[20071890ms] [ERROR] WebSocket connection to 'ws://localhost:8080/socket.io/?EIO=4&transport=websocket' failed: Error in connection establishment: net::ERR_CONNECTION_REFUSED @ http://localhost:8080/node_modules/.vite/deps/socket__io-client.js?v=b72d2020:1062
[20072438ms] [ERROR] Failed to load resource: net::ERR_CONNECTION_REFUSED @ http://localhost:8080/:0
[20074254ms] [LOG] %c %c %c %c %c Phaser v3.90.0 (WebGL | Web Audio) %c https://phaser.io/v390 background: #ff0000 background: #ffff00 background: #00ff00 background: #00ffff color: #ffffff; background: #000000 background: transparent @ http://localhost:8080/node_modules/.vite/deps/phaser.js?v=b72d2020:8455
[20076410ms] [LOG] [Socket] 已连接: uNgFoCDE9xuURsFfAAAD @ http://localhost:8080/src/network/SocketManager.js:26
[20217981ms] [LOG] [vite] server connection lost. Polling for restart... @ http://localhost:8080/@vite/client:559
[20217989ms] [LOG] [Socket] 已断开 @ http://localhost:8080/src/network/SocketManager.js:33
[20219537ms] [ERROR] Failed to load resource: net::ERR_CONNECTION_REFUSED @ http://localhost:8080/:0
[20221265ms] [ERROR] WebSocket connection to 'ws://localhost:8080/socket.io/?EIO=4&transport=websocket' failed: Error in connection establishment: net::ERR_CONNECTION_REFUSED @ http://localhost:8080/node_modules/.vite/deps/socket__io-client.js?v=b72d2020:1062
[20221592ms] [ERROR] Failed to load resource: net::ERR_CONNECTION_REFUSED @ http://localhost:8080/:0
[20222900ms] [ERROR] Failed to load resource: net::ERR_CONNECTION_REFUSED @ http://localhost:8080/:0
[20224204ms] [ERROR] Failed to load resource: net::ERR_CONNECTION_REFUSED @ http://localhost:8080/:0
[20224520ms] [ERROR] WebSocket connection to 'ws://localhost:8080/socket.io/?EIO=4&transport=websocket' failed: Error in connection establishment: net::ERR_CONNECTION_REFUSED @ http://localhost:8080/node_modules/.vite/deps/socket__io-client.js?v=b72d2020:1062
[20226212ms] [ERROR] Failed to load resource: net::ERR_CONNECTION_REFUSED @ http://localhost:8080/:0
[20227518ms] [ERROR] Failed to load resource: net::ERR_CONNECTION_REFUSED @ http://localhost:8080/:0
[20229056ms] [LOG] %c %c %c %c %c Phaser v3.90.0 (WebGL | Web Audio) %c https://phaser.io/v390 background: #ff0000 background: #ffff00 background: #00ff00 background: #00ffff color: #ffffff; background: #000000 background: transparent @ http://localhost:8080/node_modules/.vite/deps/phaser.js?v=b72d2020:8455
[20231128ms] [LOG] [Socket] 已连接: QoPGcjn1i_w3Vmm8AAAF @ http://localhost:8080/src/network/SocketManager.js:26
[20550609ms] [LOG] %c %c %c %c %c Phaser v3.90.0 (WebGL | Web Audio) %c https://phaser.io/v390 background: #ff0000 background: #ffff00 background: #00ff00 background: #00ffff color: #ffffff; background: #000000 background: transparent @ http://localhost:8080/node_modules/.vite/deps/phaser.js?v=b72d2020:8455
[20552543ms] [LOG] [Socket] 已连接: P8exWFZey-_h6JrXAAAL @ http://localhost:8080/src/network/SocketManager.js:26
[20575144ms] [LOG] [vite] server connection lost. Polling for restart... @ http://localhost:8080/@vite/client:559
[20575147ms] [LOG] [Socket] 已断开 @ http://localhost:8080/src/network/SocketManager.js:33
[20576683ms] [ERROR] Failed to load resource: net::ERR_CONNECTION_REFUSED @ http://localhost:8080/:0
[20578117ms] [ERROR] WebSocket connection to 'ws://localhost:8080/socket.io/?EIO=4&transport=websocket' failed: Error in connection establishment: net::ERR_CONNECTION_REFUSED @ http://localhost:8080/node_modules/.vite/deps/socket__io-client.js?v=b72d2020:1062
[20578740ms] [ERROR] Failed to load resource: net::ERR_CONNECTION_REFUSED @ http://localhost:8080/:0
[20580046ms] [ERROR] Failed to load resource: net::ERR_CONNECTION_REFUSED @ http://localhost:8080/:0
[20581351ms] [ERROR] Failed to load resource: net::ERR_CONNECTION_REFUSED @ http://localhost:8080/:0
[20581949ms] [ERROR] WebSocket connection to 'ws://localhost:8080/socket.io/?EIO=4&transport=websocket' failed: Error in connection establishment: net::ERR_CONNECTION_REFUSED @ http://localhost:8080/node_modules/.vite/deps/socket__io-client.js?v=b72d2020:1062
[20583359ms] [ERROR] Failed to load resource: net::ERR_CONNECTION_REFUSED @ http://localhost:8080/:0
[20585085ms] [LOG] %c %c %c %c %c Phaser v3.90.0 (WebGL | Web Audio) %c https://phaser.io/v390 background: #ff0000 background: #ffff00 background: #00ff00 background: #00ffff color: #ffffff; background: #000000 background: transparent @ http://localhost:8080/node_modules/.vite/deps/phaser.js?v=b72d2020:8455
[20587248ms] [LOG] [Socket] 已连接: JSss-ObmwtCIMGuFAAAF @ http://localhost:8080/src/network/SocketManager.js:26
[21308739ms] [LOG] %c %c %c %c %c Phaser v3.90.0 (WebGL | Web Audio) %c https://phaser.io/v390 background: #ff0000 background: #ffff00 background: #00ff00 background: #00ffff color: #ffffff; background: #000000 background: transparent @ http://localhost:8080/node_modules/.vite/deps/phaser.js?v=b72d2020:8455
[21311390ms] [LOG] [Socket] 已连接: 6C-4szlBHGOlAwoLAAAL @ http://localhost:8080/src/network/SocketManager.js:26
[21324250ms] [LOG] %c %c %c %c %c Phaser v3.90.0 (WebGL | Web Audio) %c https://phaser.io/v390 background: #ff0000 background: #ffff00 background: #00ff00 background: #00ffff color: #ffffff; background: #000000 background: transparent @ http://localhost:8080/node_modules/.vite/deps/phaser.js?v=b72d2020:8455
[21326082ms] [LOG] [Socket] 已连接: yXv2qEbEL-jUc36pAAAP @ http://localhost:8080/src/network/SocketManager.js:26
[21341518ms] [LOG] %c %c %c %c %c Phaser v3.90.0 (WebGL | Web Audio) %c https://phaser.io/v390 background: #ff0000 background: #ffff00 background: #00ff00 background: #00ffff color: #ffffff; background: #000000 background: transparent @ http://localhost:8080/node_modules/.vite/deps/phaser.js?v=b72d2020:8455
[21343762ms] [LOG] [Socket] 已连接: -kqjabf5XBPwTUp4AAAT @ http://localhost:8080/src/network/SocketManager.js:26
[21348334ms] [LOG] %c %c %c %c %c Phaser v3.90.0 (WebGL | Web Audio) %c https://phaser.io/v390 background: #ff0000 background: #ffff00 background: #00ff00 background: #00ffff color: #ffffff; background: #000000 background: transparent @ http://localhost:8080/node_modules/.vite/deps/phaser.js?v=b72d2020:8455
[21350531ms] [LOG] [Socket] 已连接: JXLa4lm6iqPQC_xVAAAX @ http://localhost:8080/src/network/SocketManager.js:26
[21355035ms] [LOG] %c %c %c %c %c Phaser v3.90.0 (WebGL | Web Audio) %c https://phaser.io/v390 background: #ff0000 background: #ffff00 background: #00ff00 background: #00ffff color: #ffffff; background: #000000 background: transparent @ http://localhost:8080/node_modules/.vite/deps/phaser.js?v=b72d2020:8455
[21357123ms] [LOG] [Socket] 已连接: iVgUrkfC9Qjj57A_AAAb @ http://localhost:8080/src/network/SocketManager.js:26
[21361537ms] [LOG] %c %c %c %c %c Phaser v3.90.0 (WebGL | Web Audio) %c https://phaser.io/v390 background: #ff0000 background: #ffff00 background: #00ff00 background: #00ffff color: #ffffff; background: #000000 background: transparent @ http://localhost:8080/node_modules/.vite/deps/phaser.js?v=b72d2020:8455
[21364692ms] [LOG] [Socket] 已连接: ajdj0DolKCS-EpnZAAAf @ http://localhost:8080/src/network/SocketManager.js:26
[21367655ms] [LOG] %c %c %c %c %c Phaser v3.90.0 (WebGL | Web Audio) %c https://phaser.io/v390 background: #ff0000 background: #ffff00 background: #00ff00 background: #00ffff color: #ffffff; background: #000000 background: transparent @ http://localhost:8080/node_modules/.vite/deps/phaser.js?v=b72d2020:8455
[21370797ms] [LOG] [Socket] 已连接: qvH6fYsJ1dwJn2XeAAAj @ http://localhost:8080/src/network/SocketManager.js:26
[21374840ms] [LOG] %c %c %c %c %c Phaser v3.90.0 (WebGL | Web Audio) %c https://phaser.io/v390 background: #ff0000 background: #ffff00 background: #00ff00 background: #00ffff color: #ffffff; background: #000000 background: transparent @ http://localhost:8080/node_modules/.vite/deps/phaser.js?v=b72d2020:8455
[21376961ms] [LOG] [Socket] 已连接: fK-C-DtWA5_L_8VUAAAn @ http://localhost:8080/src/network/SocketManager.js:26
[21399130ms] [LOG] [Socket] 已断开 @ http://localhost:8080/src/network/SocketManager.js:33
[21399130ms] [LOG] [vite] server connection lost. Polling for restart... @ http://localhost:8080/@vite/client:559
[21400678ms] [ERROR] Failed to load resource: net::ERR_CONNECTION_REFUSED @ http://localhost:8080/:0
[21402221ms] [ERROR] WebSocket connection to 'ws://localhost:8080/socket.io/?EIO=4&transport=websocket' failed: Error in connection establishment: net::ERR_CONNECTION_REFUSED @ http://localhost:8080/node_modules/.vite/deps/socket__io-client.js?v=b72d2020:1062
[21402738ms] [ERROR] Failed to load resource: net::ERR_CONNECTION_REFUSED @ http://localhost:8080/:0
[21404044ms] [ERROR] Failed to load resource: net::ERR_CONNECTION_REFUSED @ http://localhost:8080/:0
[21405347ms] [ERROR] Failed to load resource: net::ERR_CONNECTION_REFUSED @ http://localhost:8080/:0
[21406231ms] [ERROR] WebSocket connection to 'ws://localhost:8080/socket.io/?EIO=4&transport=websocket' failed: Error in connection establishment: net::ERR_CONNECTION_REFUSED @ http://localhost:8080/node_modules/.vite/deps/socket__io-client.js?v=b72d2020:1062
[21407353ms] [ERROR] Failed to load resource: net::ERR_CONNECTION_REFUSED @ http://localhost:8080/:0
[21408665ms] [ERROR] Failed to load resource: net::ERR_CONNECTION_REFUSED @ http://localhost:8080/:0
[21410135ms] [LOG] %c %c %c %c %c Phaser v3.90.0 (WebGL | Web Audio) %c https://phaser.io/v390 background: #ff0000 background: #ffff00 background: #00ff00 background: #00ffff color: #ffffff; background: #000000 background: transparent @ http://localhost:8080/node_modules/.vite/deps/phaser.js?v=b72d2020:8455
[21412312ms] [LOG] [Socket] 已连接: fYv96sgOkC9vHAVHAAAF @ http://localhost:8080/src/network/SocketManager.js:26
[21701309ms] [LOG] %c %c %c %c %c Phaser v3.90.0 (WebGL | Web Audio) %c https://phaser.io/v390 background: #ff0000 background: #ffff00 background: #00ff00 background: #00ffff color: #ffffff; background: #000000 background: transparent @ http://localhost:8080/node_modules/.vite/deps/phaser.js?v=b72d2020:8455
[21703167ms] [LOG] [Socket] 已连接: SbNtg01hfckqfhyBAAAL @ http://localhost:8080/src/network/SocketManager.js:26
[22075279ms] [LOG] %c %c %c %c %c Phaser v3.90.0 (WebGL | Web Audio) %c https://phaser.io/v390 background: #ff0000 background: #ffff00 background: #00ff00 background: #00ffff color: #ffffff; background: #000000 background: transparent @ http://localhost:8080/node_modules/.vite/deps/phaser.js?v=b72d2020:8455
[22077171ms] [LOG] [Socket] 已连接: Qqij4G_G-e0AesmaAAAR @ http://localhost:8080/src/network/SocketManager.js:26
[22094530ms] [LOG] %c %c %c %c %c Phaser v3.90.0 (WebGL | Web Audio) %c https://phaser.io/v390 background: #ff0000 background: #ffff00 background: #00ff00 background: #00ffff color: #ffffff; background: #000000 background: transparent @ http://localhost:8080/node_modules/.vite/deps/phaser.js?v=b72d2020:8455
[22096471ms] [LOG] [Socket] 已连接: nrOXj0jkx2--iqj4AAAV @ http://localhost:8080/src/network/SocketManager.js:26
[22108682ms] [LOG] [Socket] 已断开 @ http://localhost:8080/src/network/SocketManager.js:33
[22108683ms] [LOG] [vite] server connection lost. Polling for restart... @ http://localhost:8080/@vite/client:559
[22110230ms] [ERROR] Failed to load resource: net::ERR_CONNECTION_REFUSED @ http://localhost:8080/:0
[22110979ms] [ERROR] WebSocket connection to 'ws://localhost:8080/socket.io/?EIO=4&transport=websocket' failed: Error in connection establishment: net::ERR_CONNECTION_REFUSED @ http://localhost:8080/node_modules/.vite/deps/socket__io-client.js?v=b72d2020:1062
[22112286ms] [ERROR] Failed to load resource: net::ERR_CONNECTION_REFUSED @ http://localhost:8080/:0
[22113588ms] [ERROR] Failed to load resource: net::ERR_CONNECTION_REFUSED @ http://localhost:8080/:0
[22114814ms] [ERROR] WebSocket connection to 'ws://localhost:8080/socket.io/?EIO=4&transport=websocket' failed: Error in connection establishment: net::ERR_CONNECTION_REFUSED @ http://localhost:8080/node_modules/.vite/deps/socket__io-client.js?v=b72d2020:1062
[22114893ms] [ERROR] Failed to load resource: net::ERR_CONNECTION_REFUSED @ http://localhost:8080/:0
[22116904ms] [ERROR] Failed to load resource: net::ERR_CONNECTION_REFUSED @ http://localhost:8080/:0
[22118341ms] [LOG] %c %c %c %c %c Phaser v3.90.0 (WebGL | Web Audio) %c https://phaser.io/v390 background: #ff0000 background: #ffff00 background: #00ff00 background: #00ffff color: #ffffff; background: #000000 background: transparent @ http://localhost:8080/node_modules/.vite/deps/phaser.js?v=b72d2020:8455
[22120505ms] [LOG] [Socket] 已连接: cKKYNGh2Axcch5rLAAAD @ http://localhost:8080/src/network/SocketManager.js:26
[22866705ms] [LOG] %c %c %c %c %c Phaser v3.90.0 (WebGL | Web Audio) %c https://phaser.io/v390 background: #ff0000 background: #ffff00 background: #00ff00 background: #00ffff color: #ffffff; background: #000000 background: transparent @ http://localhost:8080/node_modules/.vite/deps/phaser.js?v=b72d2020:8455
[22868651ms] [LOG] [Socket] 已连接: sCtfNUP_vE8qvuyiAAAL @ http://localhost:8080/src/network/SocketManager.js:26
[22881902ms] [LOG] %c %c %c %c %c Phaser v3.90.0 (WebGL | Web Audio) %c https://phaser.io/v390 background: #ff0000 background: #ffff00 background: #00ff00 background: #00ffff color: #ffffff; background: #000000 background: transparent @ http://localhost:8080/node_modules/.vite/deps/phaser.js?v=b72d2020:8455
[22883811ms] [LOG] [Socket] 已连接: fyjC_Dq4L40ALU7cAAAR @ http://localhost:8080/src/network/SocketManager.js:26
[22887516ms] [LOG] %c %c %c %c %c Phaser v3.90.0 (WebGL | Web Audio) %c https://phaser.io/v390 background: #ff0000 background: #ffff00 background: #00ff00 background: #00ffff color: #ffffff; background: #000000 background: transparent @ http://localhost:8080/node_modules/.vite/deps/phaser.js?v=b72d2020:8455
[22889757ms] [LOG] [Socket] 已连接: qFtoUWgOlZufdAHMAAAV @ http://localhost:8080/src/network/SocketManager.js:26
[22999868ms] [LOG] %c %c %c %c %c Phaser v3.90.0 (WebGL | Web Audio) %c https://phaser.io/v390 background: #ff0000 background: #ffff00 background: #00ff00 background: #00ffff color: #ffffff; background: #000000 background: transparent @ http://localhost:8080/node_modules/.vite/deps/phaser.js?v=b72d2020:8455
[23002874ms] [LOG] [Socket] 已连接: f2N9pnUryfCE-QLIAAAZ @ http://localhost:8080/src/network/SocketManager.js:26
[23543422ms] [LOG] %c %c %c %c %c Phaser v3.90.0 (WebGL | Web Audio) %c https://phaser.io/v390 background: #ff0000 background: #ffff00 background: #00ff00 background: #00ffff color: #ffffff; background: #000000 background: transparent @ http://localhost:8080/node_modules/.vite/deps/phaser.js?v=b72d2020:8455
[23546116ms] [LOG] [Socket] 已连接: _NZ-eA8j8WFIAKTcAAAf @ http://localhost:8080/src/network/SocketManager.js:26
[23557469ms] [LOG] %c %c %c %c %c Phaser v3.90.0 (WebGL | Web Audio) %c https://phaser.io/v390 background: #ff0000 background: #ffff00 background: #00ff00 background: #00ffff color: #ffffff; background: #000000 background: transparent @ http://localhost:8080/node_modules/.vite/deps/phaser.js?v=b72d2020:8455
[23559450ms] [LOG] [Socket] 已连接: vBqKhc9TwIcy8RjtAAAj @ http://localhost:8080/src/network/SocketManager.js:26
[24168181ms] [LOG] %c %c %c %c %c Phaser v3.90.0 (WebGL | Web Audio) %c https://phaser.io/v390 background: #ff0000 background: #ffff00 background: #00ff00 background: #00ffff color: #ffffff; background: #000000 background: transparent @ http://localhost:8080/node_modules/.vite/deps/phaser.js?v=b72d2020:8455
[24170088ms] [LOG] [Socket] 已连接: DFvrQwp-_XurxBQmAAAr @ http://localhost:8080/src/network/SocketManager.js:26
[25490020ms] [ERROR] Failed to load resource: the server responded with a status of 500 (Internal Server Error) @ http://localhost:8080/src/scenes/GameScene.js?t=1780143508872:0
[25500915ms] [ERROR] Failed to load resource: the server responded with a status of 500 (Internal Server Error) @ http://localhost:8080/src/scenes/GameScene.js?t=1780143520219:0
[25513500ms] [ERROR] Failed to load resource: the server responded with a status of 500 (Internal Server Error) @ http://localhost:8080/src/scenes/GameScene.js?t=1780143532491:0
[25517170ms] [ERROR] Failed to load resource: the server responded with a status of 500 (Internal Server Error) @ http://localhost:8080/src/scenes/GameScene.js?t=1780143536475:0
[25527449ms] [ERROR] Failed to load resource: the server responded with a status of 500 (Internal Server Error) @ http://localhost:8080/src/scenes/GameScene.js?t=1780143546736:0
[25767804ms] [ERROR] Failed to load resource: the server responded with a status of 500 (Internal Server Error) @ http://localhost:8080/src/scenes/GameScene.js?t=1780143786792:0
[25847896ms] [LOG] %c %c %c %c %c Phaser v3.90.0 (WebGL | Web Audio) %c https://phaser.io/v390 background: #ff0000 background: #ffff00 background: #00ff00 background: #00ffff color: #ffffff; background: #000000 background: transparent @ http://localhost:8080/node_modules/.vite/deps/phaser.js?v=b72d2020:8455
[25850791ms] [LOG] [Socket] 已连接: cfiepHBZcrL1lfjWAAAx @ http://localhost:8080/src/network/SocketManager.js:26
[26207784ms] [LOG] [Socket] 已断开 @ http://localhost:8080/src/network/SocketManager.js:33
[26208983ms] [ERROR] WebSocket connection to 'ws://localhost:8080/socket.io/?EIO=4&transport=websocket' failed: Connection closed before receiving a handshake response @ http://localhost:8080/node_modules/.vite/deps/socket__io-client.js?v=b72d2020:1062
[26212269ms] [ERROR] WebSocket connection to 'ws://localhost:8080/socket.io/?EIO=4&transport=websocket' failed: Connection closed before receiving a handshake response @ http://localhost:8080/node_modules/.vite/deps/socket__io-client.js?v=b72d2020:1062
[26216470ms] [LOG] [Socket] 已连接: IXfGs55zgSWuGI0DAAAD @ http://localhost:8080/src/network/SocketManager.js:26
[26550524ms] [LOG] %c %c %c %c %c Phaser v3.90.0 (WebGL | Web Audio) %c https://phaser.io/v390 background: #ff0000 background: #ffff00 background: #00ff00 background: #00ffff color: #ffffff; background: #000000 background: transparent @ http://localhost:8080/node_modules/.vite/deps/phaser.js?v=b72d2020:8455
[26552645ms] [LOG] [Socket] 已连接: NHNRu0raslG9AqTaAAAN @ http://localhost:8080/src/network/SocketManager.js:26
[26575826ms] [LOG] %c %c %c %c %c Phaser v3.90.0 (WebGL | Web Audio) %c https://phaser.io/v390 background: #ff0000 background: #ffff00 background: #00ff00 background: #00ffff color: #ffffff; background: #000000 background: transparent @ http://localhost:8080/node_modules/.vite/deps/phaser.js?v=b72d2020:8455
[26577753ms] [LOG] [Socket] 已连接: YsRJIlDx_WvVlaGLAAAR @ http://localhost:8080/src/network/SocketManager.js:26
[26578441ms] [LOG] %c %c %c %c %c Phaser v3.90.0 (WebGL | Web Audio) %c https://phaser.io/v390 background: #ff0000 background: #ffff00 background: #00ff00 background: #00ffff color: #ffffff; background: #000000 background: transparent @ http://localhost:8080/node_modules/.vite/deps/phaser.js?v=b72d2020:8455
[26580672ms] [LOG] [Socket] 已连接: tngg-2kURmpnWHWnAAAV @ http://localhost:8080/src/network/SocketManager.js:26
[26588452ms] [LOG] [Socket] 已断开 @ http://localhost:8080/src/network/SocketManager.js:33
[26589859ms] [ERROR] WebSocket connection to 'ws://localhost:8080/socket.io/?EIO=4&transport=websocket' failed: Connection closed before receiving a handshake response @ http://localhost:8080/node_modules/.vite/deps/socket__io-client.js?v=b72d2020:1062
[26591703ms] [ERROR] WebSocket connection to 'ws://localhost:8080/socket.io/?EIO=4&transport=websocket' failed: Connection closed before receiving a handshake response @ http://localhost:8080/node_modules/.vite/deps/socket__io-client.js?v=b72d2020:1062
[26595524ms] [ERROR] WebSocket connection to 'ws://localhost:8080/socket.io/?EIO=4&transport=websocket' failed: Connection closed before receiving a handshake response @ http://localhost:8080/node_modules/.vite/deps/socket__io-client.js?v=b72d2020:1062
[26600842ms] [LOG] [Socket] 已连接: gR3Lo0hS1obV1ToKAAAD @ http://localhost:8080/src/network/SocketManager.js:26
[26765407ms] [LOG] %c %c %c %c %c Phaser v3.90.0 (WebGL | Web Audio) %c https://phaser.io/v390 background: #ff0000 background: #ffff00 background: #00ff00 background: #00ffff color: #ffffff; background: #000000 background: transparent @ http://localhost:8080/node_modules/.vite/deps/phaser.js?v=b72d2020:8455
[26767580ms] [LOG] [Socket] 已连接: nbioK7p2bdAklpRMAAAJ @ http://localhost:8080/src/network/SocketManager.js:26
[26768410ms] [LOG] %c %c %c %c %c Phaser v3.90.0 (WebGL | Web Audio) %c https://phaser.io/v390 background: #ff0000 background: #ffff00 background: #00ff00 background: #00ffff color: #ffffff; background: #000000 background: transparent @ http://localhost:8080/node_modules/.vite/deps/phaser.js?v=b72d2020:8455
[26770752ms] [LOG] [Socket] 已连接: Lwkm9bb2rMvKf-buAAAN @ http://localhost:8080/src/network/SocketManager.js:26
[26779548ms] [LOG] [Socket] 已断开 @ http://localhost:8080/src/network/SocketManager.js:33
[26781142ms] [ERROR] WebSocket connection to 'ws://localhost:8080/socket.io/?EIO=4&transport=websocket' failed: Connection closed before receiving a handshake response @ http://localhost:8080/node_modules/.vite/deps/socket__io-client.js?v=b72d2020:1062
[26783609ms] [ERROR] WebSocket connection to 'ws://localhost:8080/socket.io/?EIO=4&transport=websocket' failed: Connection closed before receiving a handshake response @ http://localhost:8080/node_modules/.vite/deps/socket__io-client.js?v=b72d2020:1062
[26788948ms] [LOG] [Socket] 已连接: dgryFm_BEWDnasODAAAB @ http://localhost:8080/src/network/SocketManager.js:26
[26971505ms] [LOG] %c %c %c %c %c Phaser v3.90.0 (WebGL | Web Audio) %c https://phaser.io/v390 background: #ff0000 background: #ffff00 background: #00ff00 background: #00ffff color: #ffffff; background: #000000 background: transparent @ http://localhost:8080/node_modules/.vite/deps/phaser.js?v=b72d2020:8455
[26973681ms] [LOG] [Socket] 已连接: DwLN96IIXltd9EqOAAAJ @ http://localhost:8080/src/network/SocketManager.js:26
[26980258ms] [LOG] [Socket] 已断开 @ http://localhost:8080/src/network/SocketManager.js:33
[26981956ms] [ERROR] WebSocket connection to 'ws://localhost:8080/socket.io/?EIO=4&transport=websocket' failed: Connection closed before receiving a handshake response @ http://localhost:8080/node_modules/.vite/deps/socket__io-client.js?v=b72d2020:1062
[26983612ms] [ERROR] WebSocket connection to 'ws://localhost:8080/socket.io/?EIO=4&transport=websocket' failed: Connection closed before receiving a handshake response @ http://localhost:8080/node_modules/.vite/deps/socket__io-client.js?v=b72d2020:1062
[26988926ms] [LOG] [Socket] 已连接: 7z4ksUd92AqB-CGEAAAD @ http://localhost:8080/src/network/SocketManager.js:26
[27040293ms] [LOG] %c %c %c %c %c Phaser v3.90.0 (WebGL | Web Audio) %c https://phaser.io/v390 background: #ff0000 background: #ffff00 background: #00ff00 background: #00ffff color: #ffffff; background: #000000 background: transparent @ http://localhost:8080/node_modules/.vite/deps/phaser.js?v=b72d2020:8455
[27042393ms] [LOG] [Socket] 已连接: 60ok-n7-aoiekQ4GAAAH @ http://localhost:8080/src/network/SocketManager.js:26
[27042922ms] [LOG] %c %c %c %c %c Phaser v3.90.0 (WebGL | Web Audio) %c https://phaser.io/v390 background: #ff0000 background: #ffff00 background: #00ff00 background: #00ffff color: #ffffff; background: #000000 background: transparent @ http://localhost:8080/node_modules/.vite/deps/phaser.js?v=b72d2020:8455
[27045520ms] [LOG] [Socket] 已连接: OS6WlJIhSHgH07McAAAL @ http://localhost:8080/src/network/SocketManager.js:26
[27058319ms] [LOG] [Socket] 已断开 @ http://localhost:8080/src/network/SocketManager.js:33
[27059218ms] [ERROR] WebSocket connection to 'ws://localhost:8080/socket.io/?EIO=4&transport=websocket' failed: Connection closed before receiving a handshake response @ http://localhost:8080/node_modules/.vite/deps/socket__io-client.js?v=b72d2020:1062
[27061056ms] [ERROR] WebSocket connection to 'ws://localhost:8080/socket.io/?EIO=4&transport=websocket' failed: Connection closed before receiving a handshake response @ http://localhost:8080/node_modules/.vite/deps/socket__io-client.js?v=b72d2020:1062
[27065988ms] [LOG] [Socket] 已连接: ueGrYkZGec2GjcqpAAAD @ http://localhost:8080/src/network/SocketManager.js:26
[27737314ms] [LOG] %c %c %c %c %c Phaser v3.90.0 (WebGL | Web Audio) %c https://phaser.io/v390 background: #ff0000 background: #ffff00 background: #00ff00 background: #00ffff color: #ffffff; background: #000000 background: transparent @ http://localhost:8080/node_modules/.vite/deps/phaser.js?v=b72d2020:8455
[27739374ms] [LOG] [Socket] 已连接: czHMqwZYoyFBlz4RAAAJ @ http://localhost:8080/src/network/SocketManager.js:26
[27740418ms] [LOG] %c %c %c %c %c Phaser v3.90.0 (WebGL | Web Audio) %c https://phaser.io/v390 background: #ff0000 background: #ffff00 background: #00ff00 background: #00ffff color: #ffffff; background: #000000 background: transparent @ http://localhost:8080/node_modules/.vite/deps/phaser.js?v=b72d2020:8455
[27742506ms] [LOG] [Socket] 已连接: ecQe_ALRU0ZDbFYKAAAN @ http://localhost:8080/src/network/SocketManager.js:26
[27750096ms] [LOG] [Socket] 已断开 @ http://localhost:8080/src/network/SocketManager.js:33
[27751778ms] [ERROR] WebSocket connection to 'ws://localhost:8080/socket.io/?EIO=4&transport=websocket' failed: Connection closed before receiving a handshake response @ http://localhost:8080/node_modules/.vite/deps/socket__io-client.js?v=b72d2020:1062
[27753621ms] [ERROR] WebSocket connection to 'ws://localhost:8080/socket.io/?EIO=4&transport=websocket' failed: Connection closed before receiving a handshake response @ http://localhost:8080/node_modules/.vite/deps/socket__io-client.js?v=b72d2020:1062
[27757485ms] [LOG] [Socket] 已连接: uyAKH-uOc4wa2RBmAAAB @ http://localhost:8080/src/network/SocketManager.js:26
[28644557ms] [LOG] [vite] server connection lost. Polling for restart... @ http://localhost:8080/@vite/client:559
[28644687ms] [LOG] [Socket] 已断开 @ http://localhost:8080/src/network/SocketManager.js:33
[28645412ms] [LOG] %c %c %c %c %c Phaser v3.90.0 (WebGL | Web Audio) %c https://phaser.io/v390 background: #ff0000 background: #ffff00 background: #00ff00 background: #00ffff color: #ffffff; background: #000000 background: transparent @ http://localhost:8080/node_modules/.vite/deps/phaser.js?v=b72d2020:8455
[28646839ms] [LOG] [Socket] 已连接: -TlgpApnUTelTTmEAAAL @ http://localhost:8080/src/network/SocketManager.js:26
[28649235ms] [LOG] %c %c %c %c %c Phaser v3.90.0 (WebGL | Web Audio) %c https://phaser.io/v390 background: #ff0000 background: #ffff00 background: #00ff00 background: #00ffff color: #ffffff; background: #000000 background: transparent @ http://localhost:8080/node_modules/.vite/deps/phaser.js?v=b72d2020:8455
[28649588ms] [ERROR] Failed to load resource: the server responded with a status of 500 (Internal Server Error) @ http://localhost:8080/src/scenes/GameScene.js?t=1780146668418:0
[28659793ms] [LOG] %c %c %c %c %c Phaser v3.90.0 (WebGL | Web Audio) %c https://phaser.io/v390 background: #ff0000 background: #ffff00 background: #00ff00 background: #00ffff color: #ffffff; background: #000000 background: transparent @ http://localhost:8080/node_modules/.vite/deps/phaser.js?v=b72d2020:8455
[28661723ms] [LOG] [Socket] 已连接: h1oDSJGNwXUpWyazAAAP @ http://localhost:8080/src/network/SocketManager.js?t=1780146668352:26
[28687012ms] [LOG] [Socket] 已断开 @ http://localhost:8080/src/network/SocketManager.js?t=1780146668352:33
[28687021ms] [LOG] [vite] server connection lost. Polling for restart... @ http://localhost:8080/@vite/client:559
[28687701ms] [LOG] %c %c %c %c %c Phaser v3.90.0 (WebGL | Web Audio) %c https://phaser.io/v390 background: #ff0000 background: #ffff00 background: #00ff00 background: #00ffff color: #ffffff; background: #000000 background: transparent @ http://localhost:8080/node_modules/.vite/deps/phaser.js?v=b72d2020:8455
[28690434ms] [LOG] [Socket] 已连接: qlmstOhnIMjj2QdUAAAT @ http://localhost:8080/src/network/SocketManager.js:26
