[     133ms] [LOG] %c %c %c %c %c Phaser v3.90.0 (WebGL | Web Audio) %c https://phaser.io/v390 background: #ff0000 background: #ffff00 background: #00ff00 background: #00ffff color: #ffffff; background: #000000 background: transparent @ http://localhost:8080/node_modules/.vite/deps/phaser.js?v=b72d2020:8455
[     985ms] [LOG] [Socket] 已连接: w0Ijc3XjK2_KtZbFAAAJ @ http://localhost:8080/src/network/SocketManager.js:26
[  475237ms] [LOG] %c %c %c %c %c Phaser v3.90.0 (WebGL | Web Audio) %c https://phaser.io/v390 background: #ff0000 background: #ffff00 background: #00ff00 background: #00ffff color: #ffffff; background: #000000 background: transparent @ http://localhost:8080/node_modules/.vite/deps/phaser.js?v=b72d2020:8455
[  476177ms] [LOG] [Socket] 已连接: RAFAJr6ZZ_MU5VGcAAAN @ http://localhost:8080/src/network/SocketManager.js:26
[  480821ms] [LOG] [vite] server connection lost. Polling for restart... @ http://localhost:8080/@vite/client:559
[  480824ms] [LOG] [Socket] 已断开 @ http://localhost:8080/src/network/SocketManager.js:33
[  482127ms] [ERROR] Failed to load resource: net::ERR_CONNECTION_REFUSED @ http://localhost:8080/:0
[  483298ms] [ERROR] WebSocket connection to 'ws://localhost:8080/socket.io/?EIO=4&transport=websocket' failed: Error in connection establishment: net::ERR_CONNECTION_REFUSED @ http://localhost:8080/node_modules/.vite/deps/socket__io-client.js?v=b72d2020:1062
[  484434ms] [ERROR] Failed to load resource: net::ERR_CONNECTION_REFUSED @ http://localhost:8080/:0
[  486742ms] [ERROR] Failed to load resource: net::ERR_CONNECTION_REFUSED @ http://localhost:8080/:0
[  486947ms] [ERROR] WebSocket connection to 'ws://localhost:8080/socket.io/?EIO=4&transport=websocket' failed: Error in connection establishment: net::ERR_CONNECTION_REFUSED @ http://localhost:8080/node_modules/.vite/deps/socket__io-client.js?v=b72d2020:1062
[  489048ms] [ERROR] Failed to load resource: net::ERR_CONNECTION_REFUSED @ http://localhost:8080/:0
[  490321ms] [LOG] %c %c %c %c %c Phaser v3.90.0 (WebGL | Web Audio) %c https://phaser.io/v390 background: #ff0000 background: #ffff00 background: #00ff00 background: #00ffff color: #ffffff; background: #000000 background: transparent @ http://localhost:8080/node_modules/.vite/deps/phaser.js?v=b72d2020:8455
[  491248ms] [LOG] [Socket] 已连接: f3EuymD2sKL4bAsoAAAB @ http://localhost:8080/src/network/SocketManager.js:26
[  992969ms] [LOG] %c %c %c %c %c Phaser v3.90.0 (WebGL | Web Audio) %c https://phaser.io/v390 background: #ff0000 background: #ffff00 background: #00ff00 background: #00ffff color: #ffffff; background: #000000 background: transparent @ http://localhost:8080/node_modules/.vite/deps/phaser.js?v=b72d2020:8455
[  993844ms] [LOG] [Socket] 已连接: zK9dMu2xzrbUCTTgAAAH @ http://localhost:8080/src/network/SocketManager.js:26
[ 1001325ms] [LOG] %c %c %c %c %c Phaser v3.90.0 (WebGL | Web Audio) %c https://phaser.io/v390 background: #ff0000 background: #ffff00 background: #00ff00 background: #00ffff color: #ffffff; background: #000000 background: transparent @ http://localhost:8080/node_modules/.vite/deps/phaser.js?v=b72d2020:8455
[ 1002155ms] [LOG] [Socket] 已连接: ZbZmjCttmHjQYbzvAAAJ @ http://localhost:8080/src/network/SocketManager.js:26
[ 1008979ms] [LOG] %c %c %c %c %c Phaser v3.90.0 (WebGL | Web Audio) %c https://phaser.io/v390 background: #ff0000 background: #ffff00 background: #00ff00 background: #00ffff color: #ffffff; background: #000000 background: transparent @ http://localhost:8080/node_modules/.vite/deps/phaser.js?v=b72d2020:8455
[ 1009856ms] [LOG] [Socket] 已连接: Ns028OrkGo3URt3OAAAL @ http://localhost:8080/src/network/SocketManager.js:26
[ 1013549ms] [LOG] [vite] server connection lost. Polling for restart... @ http://localhost:8080/@vite/client:559
[ 1013551ms] [LOG] [Socket] 已断开 @ http://localhost:8080/src/network/SocketManager.js:33
[ 1014866ms] [ERROR] Failed to load resource: net::ERR_CONNECTION_REFUSED @ http://localhost:8080/:0
[ 1016111ms] [ERROR] WebSocket connection to 'ws://localhost:8080/socket.io/?EIO=4&transport=websocket' failed: Error in connection establishment: net::ERR_CONNECTION_REFUSED @ http://localhost:8080/node_modules/.vite/deps/socket__io-client.js?v=b72d2020:1062
[ 1017172ms] [ERROR] Failed to load resource: net::ERR_CONNECTION_REFUSED @ http://localhost:8080/:0
[ 1018607ms] [ERROR] WebSocket connection to 'ws://localhost:8080/socket.io/?EIO=4&transport=websocket' failed: Error in connection establishment: net::ERR_CONNECTION_REFUSED @ http://localhost:8080/node_modules/.vite/deps/socket__io-client.js?v=b72d2020:1062
[ 1019484ms] [ERROR] Failed to load resource: net::ERR_CONNECTION_REFUSED @ http://localhost:8080/:0
[ 1020724ms] [LOG] %c %c %c %c %c Phaser v3.90.0 (WebGL | Web Audio) %c https://phaser.io/v390 background: #ff0000 background: #ffff00 background: #00ff00 background: #00ffff color: #ffffff; background: #000000 background: transparent @ http://localhost:8080/node_modules/.vite/deps/phaser.js?v=b72d2020:8455
[ 1021601ms] [LOG] [Socket] 已连接: rP-sliVcqDAbI1SvAAAB @ http://localhost:8080/src/network/SocketManager.js:26
