[    4244ms] [LOG] %c %c %c %c %c Phaser v3.90.0 (WebGL | Web Audio) %c https://phaser.io/v390 background: #ff0000 background: #ffff00 background: #00ff00 background: #00ffff color: #ffffff; background: #000000 background: transparent @ http://localhost:8080/node_modules/.vite/deps/phaser.js?v=b72d2020:8455
[    4467ms] [ERROR] Failed to load resource: the server responded with a status of 404 (Not Found) @ http://localhost:8080/favicon.ico:0
[    5153ms] [LOG] [Socket] 已连接: 9Dxs3CwyeR-mC1CrAAAB @ http://localhost:8080/src/network/SocketManager.js:26
[  759951ms] [LOG] %c %c %c %c %c Phaser v3.90.0 (WebGL | Web Audio) %c https://phaser.io/v390 background: #ff0000 background: #ffff00 background: #00ff00 background: #00ffff color: #ffffff; background: #000000 background: transparent @ http://localhost:8080/node_modules/.vite/deps/phaser.js?v=b72d2020:8455
[  760757ms] [LOG] [Socket] 已连接: 5GJp49wPHzVrL2l_AAAD @ http://localhost:8080/src/network/SocketManager.js:26
[  803052ms] [LOG] %c %c %c %c %c Phaser v3.90.0 (WebGL | Web Audio) %c https://phaser.io/v390 background: #ff0000 background: #ffff00 background: #00ff00 background: #00ffff color: #ffffff; background: #000000 background: transparent @ http://localhost:8080/node_modules/.vite/deps/phaser.js?v=b72d2020:8455
[  803871ms] [LOG] [Socket] 已连接: 9eyBtJtVzz1DqmJPAAAF @ http://localhost:8080/src/network/SocketManager.js:26
[  838691ms] [LOG] %c %c %c %c %c Phaser v3.90.0 (WebGL | Web Audio) %c https://phaser.io/v390 background: #ff0000 background: #ffff00 background: #00ff00 background: #00ffff color: #ffffff; background: #000000 background: transparent @ http://localhost:8080/node_modules/.vite/deps/phaser.js?v=b72d2020:8455
[  839452ms] [LOG] [Socket] 已连接: Lp8GLh8mkhhjD-L_AAAH @ http://localhost:8080/src/network/SocketManager.js:26
[  874602ms] [LOG] %c %c %c %c %c Phaser v3.90.0 (WebGL | Web Audio) %c https://phaser.io/v390 background: #ff0000 background: #ffff00 background: #00ff00 background: #00ffff color: #ffffff; background: #000000 background: transparent @ http://localhost:8080/node_modules/.vite/deps/phaser.js?v=b72d2020:8455
[  875365ms] [LOG] [Socket] 已连接: jZ0JEPbXMBkGzaKIAAAJ @ http://localhost:8080/src/network/SocketManager.js:26
[  878268ms] [LOG] %c %c %c %c %c Phaser v3.90.0 (WebGL | Web Audio) %c https://phaser.io/v390 background: #ff0000 background: #ffff00 background: #00ff00 background: #00ffff color: #ffffff; background: #000000 background: transparent @ http://localhost:8080/node_modules/.vite/deps/phaser.js?v=b72d2020:8455
[  879019ms] [LOG] [Socket] 已连接: kRyFrJKPRiGsoxtCAAAL @ http://localhost:8080/src/network/SocketManager.js:26
[  936819ms] [LOG] %c %c %c %c %c Phaser v3.90.0 (WebGL | Web Audio) %c https://phaser.io/v390 background: #ff0000 background: #ffff00 background: #00ff00 background: #00ffff color: #ffffff; background: #000000 background: transparent @ http://localhost:8080/node_modules/.vite/deps/phaser.js?v=b72d2020:8455
[  937572ms] [LOG] [Socket] 已连接: fFJ89wpHy8vrS_07AAAN @ http://localhost:8080/src/network/SocketManager.js:26
[  962605ms] [LOG] %c %c %c %c %c Phaser v3.90.0 (WebGL | Web Audio) %c https://phaser.io/v390 background: #ff0000 background: #ffff00 background: #00ff00 background: #00ffff color: #ffffff; background: #000000 background: transparent @ http://localhost:8080/node_modules/.vite/deps/phaser.js?v=b72d2020:8455
[  963371ms] [LOG] [Socket] 已连接: g7OL9j3q-dT8wrRuAAAP @ http://localhost:8080/src/network/SocketManager.js:26
[  971454ms] [LOG] %c %c %c %c %c Phaser v3.90.0 (WebGL | Web Audio) %c https://phaser.io/v390 background: #ff0000 background: #ffff00 background: #00ff00 background: #00ffff color: #ffffff; background: #000000 background: transparent @ http://localhost:8080/node_modules/.vite/deps/phaser.js?v=b72d2020:8455
[  972202ms] [LOG] [Socket] 已连接: 0aHEW21ix9T9Euz0AAAR @ http://localhost:8080/src/network/SocketManager.js:26
[  983881ms] [LOG] %c %c %c %c %c Phaser v3.90.0 (WebGL | Web Audio) %c https://phaser.io/v390 background: #ff0000 background: #ffff00 background: #00ff00 background: #00ffff color: #ffffff; background: #000000 background: transparent @ http://localhost:8080/node_modules/.vite/deps/phaser.js?v=b72d2020:8455
[  984617ms] [LOG] [Socket] 已连接: 9VF4nybPi8y8pJS0AAAT @ http://localhost:8080/src/network/SocketManager.js:26
[  995415ms] [LOG] %c %c %c %c %c Phaser v3.90.0 (WebGL | Web Audio) %c https://phaser.io/v390 background: #ff0000 background: #ffff00 background: #00ff00 background: #00ffff color: #ffffff; background: #000000 background: transparent @ http://localhost:8080/node_modules/.vite/deps/phaser.js?v=b72d2020:8455
[  996168ms] [LOG] [Socket] 已连接: OJLe63-gnLqJ8m3LAAAV @ http://localhost:8080/src/network/SocketManager.js:26
[ 1013649ms] [LOG] %c %c %c %c %c Phaser v3.90.0 (WebGL | Web Audio) %c https://phaser.io/v390 background: #ff0000 background: #ffff00 background: #00ff00 background: #00ffff color: #ffffff; background: #000000 background: transparent @ http://localhost:8080/node_modules/.vite/deps/phaser.js?v=b72d2020:8455
[ 1014413ms] [LOG] [Socket] 已连接: ul4vqW2Rlr1jGKQZAAAX @ http://localhost:8080/src/network/SocketManager.js:26
[ 1022113ms] [LOG] %c %c %c %c %c Phaser v3.90.0 (WebGL | Web Audio) %c https://phaser.io/v390 background: #ff0000 background: #ffff00 background: #00ff00 background: #00ffff color: #ffffff; background: #000000 background: transparent @ http://localhost:8080/node_modules/.vite/deps/phaser.js?v=b72d2020:8455
[ 1022864ms] [LOG] [Socket] 已连接: rKvY72zgeDY0FvGDAAAZ @ http://localhost:8080/src/network/SocketManager.js:26
[ 1027925ms] [LOG] %c %c %c %c %c Phaser v3.90.0 (WebGL | Web Audio) %c https://phaser.io/v390 background: #ff0000 background: #ffff00 background: #00ff00 background: #00ffff color: #ffffff; background: #000000 background: transparent @ http://localhost:8080/node_modules/.vite/deps/phaser.js?v=b72d2020:8455
[ 1028701ms] [LOG] [Socket] 已连接: MNRvUBEg2ej_WuegAAAb @ http://localhost:8080/src/network/SocketManager.js:26
[ 1031588ms] [LOG] %c %c %c %c %c Phaser v3.90.0 (WebGL | Web Audio) %c https://phaser.io/v390 background: #ff0000 background: #ffff00 background: #00ff00 background: #00ffff color: #ffffff; background: #000000 background: transparent @ http://localhost:8080/node_modules/.vite/deps/phaser.js?v=b72d2020:8455
[ 1032338ms] [LOG] [Socket] 已连接: TtnWe_KXPav4tuudAAAd @ http://localhost:8080/src/network/SocketManager.js:26
[ 1035001ms] [LOG] %c %c %c %c %c Phaser v3.90.0 (WebGL | Web Audio) %c https://phaser.io/v390 background: #ff0000 background: #ffff00 background: #00ff00 background: #00ffff color: #ffffff; background: #000000 background: transparent @ http://localhost:8080/node_modules/.vite/deps/phaser.js?v=b72d2020:8455
[ 1035728ms] [LOG] [Socket] 已连接: Exek_SQaDY_HY3HYAAAf @ http://localhost:8080/src/network/SocketManager.js:26
[ 1039405ms] [LOG] %c %c %c %c %c Phaser v3.90.0 (WebGL | Web Audio) %c https://phaser.io/v390 background: #ff0000 background: #ffff00 background: #00ff00 background: #00ffff color: #ffffff; background: #000000 background: transparent @ http://localhost:8080/node_modules/.vite/deps/phaser.js?v=b72d2020:8455
[ 1040147ms] [LOG] [Socket] 已连接: ObCqYoWAf9rl9j63AAAh @ http://localhost:8080/src/network/SocketManager.js:26
[ 1043043ms] [LOG] %c %c %c %c %c Phaser v3.90.0 (WebGL | Web Audio) %c https://phaser.io/v390 background: #ff0000 background: #ffff00 background: #00ff00 background: #00ffff color: #ffffff; background: #000000 background: transparent @ http://localhost:8080/node_modules/.vite/deps/phaser.js?v=b72d2020:8455
[ 1043801ms] [LOG] [Socket] 已连接: xLY7zz3bwt8Qov7_AAAj @ http://localhost:8080/src/network/SocketManager.js:26
[ 1046581ms] [LOG] %c %c %c %c %c Phaser v3.90.0 (WebGL | Web Audio) %c https://phaser.io/v390 background: #ff0000 background: #ffff00 background: #00ff00 background: #00ffff color: #ffffff; background: #000000 background: transparent @ http://localhost:8080/node_modules/.vite/deps/phaser.js?v=b72d2020:8455
[ 1047336ms] [LOG] [Socket] 已连接: oJ7zf1LQDzWTTfXmAAAl @ http://localhost:8080/src/network/SocketManager.js:26
[ 1072133ms] [LOG] %c %c %c %c %c Phaser v3.90.0 (WebGL | Web Audio) %c https://phaser.io/v390 background: #ff0000 background: #ffff00 background: #00ff00 background: #00ffff color: #ffffff; background: #000000 background: transparent @ http://localhost:8080/node_modules/.vite/deps/phaser.js?v=b72d2020:8455
[ 1072878ms] [LOG] [Socket] 已连接: OWN-QtjUZPKEDfyoAAAn @ http://localhost:8080/src/network/SocketManager.js:26
[ 1087061ms] [LOG] %c %c %c %c %c Phaser v3.90.0 (WebGL | Web Audio) %c https://phaser.io/v390 background: #ff0000 background: #ffff00 background: #00ff00 background: #00ffff color: #ffffff; background: #000000 background: transparent @ http://localhost:8080/node_modules/.vite/deps/phaser.js?v=b72d2020:8455
[ 1087830ms] [LOG] [Socket] 已连接: p-bCzbOupNec5ogQAAAp @ http://localhost:8080/src/network/SocketManager.js:26
