[     142ms] [LOG] %c %c %c %c %c Phaser v3.90.0 (WebGL | Web Audio) %c https://phaser.io/v390 background: #ff0000 background: #ffff00 background: #00ff00 background: #00ffff color: #ffffff; background: #000000 background: transparent @ http://localhost:8080/node_modules/.vite/deps/phaser.js?v=b72d2020:8455
[     980ms] [LOG] [Socket] 已连接: IyxOdydTXo9Wa8DOAAAD @ http://localhost:8080/src/network/SocketManager.js:26
[  591101ms] [LOG] %c %c %c %c %c Phaser v3.90.0 (WebGL | Web Audio) %c https://phaser.io/v390 background: #ff0000 background: #ffff00 background: #00ff00 background: #00ffff color: #ffffff; background: #000000 background: transparent @ http://localhost:8080/node_modules/.vite/deps/phaser.js?v=b72d2020:8455
[  592084ms] [LOG] [Socket] 已连接: tt2MWhUfhF9VaLyfAAAH @ http://localhost:8080/src/network/SocketManager.js:26
[  615756ms] [LOG] %c %c %c %c %c Phaser v3.90.0 (WebGL | Web Audio) %c https://phaser.io/v390 background: #ff0000 background: #ffff00 background: #00ff00 background: #00ffff color: #ffffff; background: #000000 background: transparent @ http://localhost:8080/node_modules/.vite/deps/phaser.js?v=b72d2020:8455
[  616606ms] [LOG] [Socket] 已连接: BtzVomZ8vipRmtmaAAAL @ http://localhost:8080/src/network/SocketManager.js:26
[  640738ms] [LOG] %c %c %c %c %c Phaser v3.90.0 (WebGL | Web Audio) %c https://phaser.io/v390 background: #ff0000 background: #ffff00 background: #00ff00 background: #00ffff color: #ffffff; background: #000000 background: transparent @ http://localhost:8080/node_modules/.vite/deps/phaser.js?v=b72d2020:8455
[  641554ms] [LOG] [Socket] 已连接: 4aAn8x5ALDGv5LqIAAAN @ http://localhost:8080/src/network/SocketManager.js:26
[  650312ms] [LOG] %c %c %c %c %c Phaser v3.90.0 (WebGL | Web Audio) %c https://phaser.io/v390 background: #ff0000 background: #ffff00 background: #00ff00 background: #00ffff color: #ffffff; background: #000000 background: transparent @ http://localhost:8080/node_modules/.vite/deps/phaser.js?v=b72d2020:8455
[  651280ms] [LOG] [Socket] 已连接: zIl0eWpgfNmxVXzIAAAP @ http://localhost:8080/src/network/SocketManager.js:26
[  657153ms] [LOG] [Socket] 已断开 @ http://localhost:8080/src/network/SocketManager.js:33
[  657154ms] [LOG] [vite] server connection lost. Polling for restart... @ http://localhost:8080/@vite/client:559
[  658474ms] [ERROR] Failed to load resource: net::ERR_CONNECTION_REFUSED @ http://localhost:8080/:0
[  659656ms] [ERROR] WebSocket connection to 'ws://localhost:8080/socket.io/?EIO=4&transport=websocket' failed: Error in connection establishment: net::ERR_CONNECTION_REFUSED @ http://localhost:8080/node_modules/.vite/deps/socket__io-client.js?v=b72d2020:1062
[  660782ms] [ERROR] Failed to load resource: net::ERR_CONNECTION_REFUSED @ http://localhost:8080/:0
[  662110ms] [ERROR] WebSocket connection to 'ws://localhost:8080/socket.io/?EIO=4&transport=websocket' failed: Error in connection establishment: net::ERR_CONNECTION_REFUSED @ http://localhost:8080/node_modules/.vite/deps/socket__io-client.js?v=b72d2020:1062
[  663097ms] [ERROR] Failed to load resource: net::ERR_CONNECTION_REFUSED @ http://localhost:8080/:0
[  665403ms] [ERROR] Failed to load resource: net::ERR_CONNECTION_REFUSED @ http://localhost:8080/:0
[  665627ms] [LOG] [Socket] 已连接: BsDuO5cejrwKv0eDAAAB @ http://localhost:8080/src/network/SocketManager.js:26
[  666673ms] [LOG] %c %c %c %c %c Phaser v3.90.0 (WebGL | Web Audio) %c https://phaser.io/v390 background: #ff0000 background: #ffff00 background: #00ff00 background: #00ffff color: #ffffff; background: #000000 background: transparent @ http://localhost:8080/node_modules/.vite/deps/phaser.js?v=b72d2020:8455
[  667516ms] [LOG] [Socket] 已连接: xsZ6xLY5CoTsNDQAAAAD @ http://localhost:8080/src/network/SocketManager.js:26
