[     431ms] [LOG] %c %c %c %c %c Phaser v3.90.0 (WebGL | Web Audio) %c https://phaser.io/v390 background: #ff0000 background: #ffff00 background: #00ff00 background: #00ffff color: #ffffff; background: #000000 background: transparent @ http://localhost:8080/node_modules/.vite/deps/phaser.js?v=b72d2020:8455
[    1570ms] [LOG] [Socket] 已连接: GIUqP2wfE-yzXYVKAABv @ http://localhost:8080/src/network/SocketManager.js:26
[ 1363367ms] [LOG] %c %c %c %c %c Phaser v3.90.0 (WebGL | Web Audio) %c https://phaser.io/v390 background: #ff0000 background: #ffff00 background: #00ff00 background: #00ffff color: #ffffff; background: #000000 background: transparent @ http://localhost:8080/node_modules/.vite/deps/phaser.js?v=b72d2020:8455
[ 1364612ms] [LOG] [Socket] 已连接: DOMzYlWqmR806Lh_AAB1 @ http://localhost:8080/src/network/SocketManager.js:26
[ 1398620ms] [LOG] %c %c %c %c %c Phaser v3.90.0 (WebGL | Web Audio) %c https://phaser.io/v390 background: #ff0000 background: #ffff00 background: #00ff00 background: #00ffff color: #ffffff; background: #000000 background: transparent @ http://localhost:8080/node_modules/.vite/deps/phaser.js?v=b72d2020:8455
[ 1399854ms] [LOG] [Socket] 已连接: bLP90JaJYrZj0zFhAAB5 @ http://localhost:8080/src/network/SocketManager.js:26
[ 1410333ms] [LOG] %c %c %c %c %c Phaser v3.90.0 (WebGL | Web Audio) %c https://phaser.io/v390 background: #ff0000 background: #ffff00 background: #00ff00 background: #00ffff color: #ffffff; background: #000000 background: transparent @ http://localhost:8080/node_modules/.vite/deps/phaser.js?v=b72d2020:8455
[ 1411537ms] [LOG] [Socket] 已连接: EWDSNKe8gPz55G-yAAB9 @ http://localhost:8080/src/network/SocketManager.js:26
[ 1428012ms] [LOG] %c %c %c %c %c Phaser v3.90.0 (WebGL | Web Audio) %c https://phaser.io/v390 background: #ff0000 background: #ffff00 background: #00ff00 background: #00ffff color: #ffffff; background: #000000 background: transparent @ http://localhost:8080/node_modules/.vite/deps/phaser.js?v=b72d2020:8455
[ 1429209ms] [LOG] [Socket] 已连接: KabBYZCbeVRCUiidAACB @ http://localhost:8080/src/network/SocketManager.js:26
[ 1446601ms] [LOG] %c %c %c %c %c Phaser v3.90.0 (WebGL | Web Audio) %c https://phaser.io/v390 background: #ff0000 background: #ffff00 background: #00ff00 background: #00ffff color: #ffffff; background: #000000 background: transparent @ http://localhost:8080/node_modules/.vite/deps/phaser.js?v=b72d2020:8455
[ 1447826ms] [LOG] [Socket] 已连接: eDBl3ldf770AGBxHAACF @ http://localhost:8080/src/network/SocketManager.js:26
[ 1522813ms] [LOG] %c %c %c %c %c Phaser v3.90.0 (WebGL | Web Audio) %c https://phaser.io/v390 background: #ff0000 background: #ffff00 background: #00ff00 background: #00ffff color: #ffffff; background: #000000 background: transparent @ http://localhost:8080/node_modules/.vite/deps/phaser.js?v=b72d2020:8455
[ 1524118ms] [LOG] [Socket] 已连接: 8ZWUQb3z2kw_ov5sAACJ @ http://localhost:8080/src/network/SocketManager.js:26
[ 1540850ms] [LOG] %c %c %c %c %c Phaser v3.90.0 (WebGL | Web Audio) %c https://phaser.io/v390 background: #ff0000 background: #ffff00 background: #00ff00 background: #00ffff color: #ffffff; background: #000000 background: transparent @ http://localhost:8080/node_modules/.vite/deps/phaser.js?v=b72d2020:8455
[ 1542139ms] [LOG] [Socket] 已连接: SgL8OFaDqcBralNLAACN @ http://localhost:8080/src/network/SocketManager.js:26
[ 1563675ms] [LOG] %c %c %c %c %c Phaser v3.90.0 (WebGL | Web Audio) %c https://phaser.io/v390 background: #ff0000 background: #ffff00 background: #00ff00 background: #00ffff color: #ffffff; background: #000000 background: transparent @ http://localhost:8080/node_modules/.vite/deps/phaser.js?v=b72d2020:8455
[ 1564889ms] [LOG] [Socket] 已连接: JcWW_ZiKbKF8z6I6AACR @ http://localhost:8080/src/network/SocketManager.js:26
[ 1571314ms] [LOG] %c %c %c %c %c Phaser v3.90.0 (WebGL | Web Audio) %c https://phaser.io/v390 background: #ff0000 background: #ffff00 background: #00ff00 background: #00ffff color: #ffffff; background: #000000 background: transparent @ http://localhost:8080/node_modules/.vite/deps/phaser.js?v=b72d2020:8455
[ 1572622ms] [LOG] [Socket] 已连接: 9jPMAksRfgx6bRB1AACV @ http://localhost:8080/src/network/SocketManager.js:26
[ 1591165ms] [LOG] %c %c %c %c %c Phaser v3.90.0 (WebGL | Web Audio) %c https://phaser.io/v390 background: #ff0000 background: #ffff00 background: #00ff00 background: #00ffff color: #ffffff; background: #000000 background: transparent @ http://localhost:8080/node_modules/.vite/deps/phaser.js?v=b72d2020:8455
[ 1592385ms] [LOG] [Socket] 已连接: NdLKMegKnb21a_7lAACZ @ http://localhost:8080/src/network/SocketManager.js:26
